
2015-06-13 13:36:30,270 [rkadm:http-optimus-z2-9260-2228-default-rkadm] DEBUG com.redknee.app.crm.web.border.search.AccountSubscriberSearchByBANAgent - Converged Search SQL = 
2015-06-13 13:36:30,270 [rkadm:http-optimus-z2-9260-2228-default-rkadm] DEBUG com.redknee.app.crm.web.border.search.AccountSubscriberSearchByMSISDNAgent - Converged Search SQL = 
2015-06-13 13:36:30,270 [rkadm:http-optimus-z2-9260-2228-default-rkadm] DEBUG com.redknee.app.crm.web.border.search.AccountSubscriberSearchByIMSI - Converged Search SQL = 
2015-06-13 13:36:30,270 [rkadm:http-optimus-z2-9260-2228-default-rkadm] DEBUG com.redknee.app.crm.web.border.search.AccountSubscriberSearchByPackage - Converged Search SQL = 
2015-06-13 13:36:30,270 [rkadm:http-optimus-z2-9260-2228-default-rkadm] DEBUG com.redknee.app.crm.web.border.search.AccountSubscriberSearchComposite$1 - sqlResult for UPPER(firstName) is : 
2015-06-13 13:36:30,270 [rkadm:http-optimus-z2-9260-2228-default-rkadm] DEBUG com.redknee.app.crm.web.border.search.AccountSubscriberSearchComposite$2 - sqlResult for UPPER(lastName) is : 
2015-06-13 13:36:30,270 [rkadm:http-optimus-z2-9260-2228-default-rkadm] DEBUG com.redknee.app.crm.web.border.search.AccountSubscriberSearchComposite$3 - sqlResult for UPPER(accountMgr) is : 
2015-06-13 13:36:30,270 [rkadm:http-optimus-z2-9260-2228-default-rkadm] DEBUG com.redknee.app.crm.web.border.search.AccountSubscriberSearchComposite$4 - sqlResult for UPPER(companyName) is : 
2015-06-13 13:36:30,270 [rkadm:http-optimus-z2-9260-2228-default-rkadm] DEBUG com.redknee.app.crm.web.border.search.AccountSubscriberSearchComposite$5 - sqlResult for UPPER(accountName) is : 
2015-06-13 13:36:30,270 [rkadm:http-optimus-z2-9260-2228-default-rkadm] DEBUG com.redknee.app.crm.web.border.search.AccountSubscriberSearchComposite$6 - sqlResult for UPPER(billingAddress1) is : 
2015-06-13 13:36:30,270 [rkadm:http-optimus-z2-9260-2228-default-rkadm] DEBUG com.redknee.app.crm.web.border.search.AccountSubscriberSearchComposite$7 - sqlResult for UPPER(email) is : 
2015-06-13 13:36:30,270 [rkadm:http-optimus-z2-9260-2228-default-rkadm] DEBUG com.redknee.app.crm.web.border.search.AccountSubscriberFirstNameLastNameSearchAgent - Complete sql clause is : 
2015-06-13 13:36:32,598 [rkadm:http-optimus-z2-9260-2227-AcctSubSubMenus-rkadm] DEBUG com.redknee.app.crm.web.border.search.AccountSubscriberSearchByBANAgent - Converged Search SQL = 
2015-06-13 13:36:32,598 [rkadm:http-optimus-z2-9260-2227-AcctSubSubMenus-rkadm] DEBUG com.redknee.app.crm.web.border.search.AccountSubscriberSearchByMSISDNAgent - Converged Search SQL = 
2015-06-13 13:36:32,598 [rkadm:http-optimus-z2-9260-2227-AcctSubSubMenus-rkadm] DEBUG com.redknee.app.crm.web.border.search.AccountSubscriberSearchByIMSI - Converged Search SQL = 
2015-06-13 13:36:32,598 [rkadm:http-optimus-z2-9260-2227-AcctSubSubMenus-rkadm] DEBUG com.redknee.app.crm.web.border.search.AccountSubscriberSearchByPackage - Converged Search SQL = 
2015-06-13 13:36:32,598 [rkadm:http-optimus-z2-9260-2227-AcctSubSubMenus-rkadm] DEBUG com.redknee.app.crm.web.border.search.AccountSubscriberSearchComposite$1 - sqlResult for UPPER(firstName) is : 
2015-06-13 13:36:32,598 [rkadm:http-optimus-z2-9260-2227-AcctSubSubMenus-rkadm] DEBUG com.redknee.app.crm.web.border.search.AccountSubscriberSearchComposite$2 - sqlResult for UPPER(lastName) is : 
2015-06-13 13:36:32,598 [rkadm:http-optimus-z2-9260-2227-AcctSubSubMenus-rkadm] DEBUG com.redknee.app.crm.web.border.search.AccountSubscriberSearchComposite$3 - sqlResult for UPPER(accountMgr) is : 
2015-06-13 13:36:32,598 [rkadm:http-optimus-z2-9260-2227-AcctSubSubMenus-rkadm] DEBUG com.redknee.app.crm.web.border.search.AccountSubscriberSearchComposite$4 - sqlResult for UPPER(companyName) is : 
2015-06-13 13:36:32,598 [rkadm:http-optimus-z2-9260-2227-AcctSubSubMenus-rkadm] DEBUG com.redknee.app.crm.web.border.search.AccountSubscriberSearchComposite$5 - sqlResult for UPPER(accountName) is : 
2015-06-13 13:36:32,598 [rkadm:http-optimus-z2-9260-2227-AcctSubSubMenus-rkadm] DEBUG com.redknee.app.crm.web.border.search.AccountSubscriberSearchComposite$6 - sqlResult for UPPER(billingAddress1) is : 
2015-06-13 13:36:32,598 [rkadm:http-optimus-z2-9260-2227-AcctSubSubMenus-rkadm] DEBUG com.redknee.app.crm.web.border.search.AccountSubscriberSearchComposite$7 - sqlResult for UPPER(email) is : 
2015-06-13 13:36:32,598 [rkadm:http-optimus-z2-9260-2227-AcctSubSubMenus-rkadm] DEBUG com.redknee.app.crm.web.border.search.AccountSubscriberFirstNameLastNameSearchAgent - Complete sql clause is : 
2015-06-13 13:36:34,619 [rkadm:http-optimus-z2-9260-2229-AcctSubSubMenus-rkadm] DEBUG com.redknee.app.crm.web.border.search.AccountSubscriberSearchByBANAgent - Converged Search SQL = BAN = '112101351'
2015-06-13 13:36:34,619 [rkadm:http-optimus-z2-9260-2229-AcctSubSubMenus-rkadm] DEBUG com.redknee.app.crm.web.border.search.AccountSubscriberSearchByMSISDNAgent - Converged Search SQL = 
2015-06-13 13:36:34,619 [rkadm:http-optimus-z2-9260-2229-AcctSubSubMenus-rkadm] DEBUG com.redknee.app.crm.web.border.search.AccountSubscriberSearchByIMSI - Converged Search SQL = 
2015-06-13 13:36:34,619 [rkadm:http-optimus-z2-9260-2229-AcctSubSubMenus-rkadm] DEBUG com.redknee.app.crm.web.border.search.AccountSubscriberSearchByPackage - Converged Search SQL = 
2015-06-13 13:36:34,619 [rkadm:http-optimus-z2-9260-2229-AcctSubSubMenus-rkadm] DEBUG com.redknee.app.crm.web.border.search.AccountSubscriberSearchComposite$1 - sqlResult for UPPER(firstName) is : 
2015-06-13 13:36:34,619 [rkadm:http-optimus-z2-9260-2229-AcctSubSubMenus-rkadm] DEBUG com.redknee.app.crm.web.border.search.AccountSubscriberSearchComposite$2 - sqlResult for UPPER(lastName) is : 
2015-06-13 13:36:34,619 [rkadm:http-optimus-z2-9260-2229-AcctSubSubMenus-rkadm] DEBUG com.redknee.app.crm.web.border.search.AccountSubscriberSearchComposite$3 - sqlResult for UPPER(accountMgr) is : 
2015-06-13 13:36:34,619 [rkadm:http-optimus-z2-9260-2229-AcctSubSubMenus-rkadm] DEBUG com.redknee.app.crm.web.border.search.AccountSubscriberSearchComposite$4 - sqlResult for UPPER(companyName) is : 
2015-06-13 13:36:34,619 [rkadm:http-optimus-z2-9260-2229-AcctSubSubMenus-rkadm] DEBUG com.redknee.app.crm.web.border.search.AccountSubscriberSearchComposite$5 - sqlResult for UPPER(accountName) is : 
2015-06-13 13:36:34,619 [rkadm:http-optimus-z2-9260-2229-AcctSubSubMenus-rkadm] DEBUG com.redknee.app.crm.web.border.search.AccountSubscriberSearchComposite$6 - sqlResult for UPPER(billingAddress1) is : 
2015-06-13 13:36:34,619 [rkadm:http-optimus-z2-9260-2229-AcctSubSubMenus-rkadm] DEBUG com.redknee.app.crm.web.border.search.AccountSubscriberSearchComposite$7 - sqlResult for UPPER(email) is : 
2015-06-13 13:36:34,619 [rkadm:http-optimus-z2-9260-2229-AcctSubSubMenus-rkadm] DEBUG com.redknee.app.crm.web.border.search.AccountSubscriberFirstNameLastNameSearchAgent - Complete sql clause is : BAN = '112101351'
2015-06-13 13:36:34,625 [rkadm:http-optimus-z2-9260-2229-AcctSubSubMenus-rkadm] INFO com.redknee.framework.xhome.xdb.LoggingXDB - rkadm, forEach, SELECT * FROM ACCOUNT WHERE (spid IN ( 1 ) and BAN = '112101351')
2015-06-13 13:36:34,628 [rkadm:http-optimus-z2-9260-2229-AcctSubSubMenus-rkadm] INFO com.redknee.framework.xhome.xdb.LoggingXDB - rkadm, forEach, SELECT * FROM ACCOUNTIDENTIFICATION WHERE (BAN =  "112101351"  and  (x:orderBy(id ASC)) )
2015-06-13 13:36:34,628 [rkadm:http-optimus-z2-9260-2229-AcctSubSubMenus-rkadm] INFO com.redknee.framework.xhome.xdb.LoggingXDB - rkadm, find, SELECT * FROM BLACKLIST WHERE (idType =  0  and idNumber =  "1482" )
2015-06-13 13:36:37,176 [rkadm:http-optimus-z2-9260-2226-SubMenuAccountEdit-rkadm] DEBUG com.redknee.app.crm.web.border.PTPCurrentNumTransitionBorder - Ban to search is 112101351
2015-06-13 13:36:37,182 [rkadm:http-optimus-z2-9260-2226-SubMenuAccountEdit-rkadm] INFO com.redknee.framework.xhome.xdb.LoggingXDB - rkadm, find, SELECT * FROM SUBSCRIBER WHERE  "112101351"  = BAN
2015-06-13 13:36:37,184 [rkadm:http-optimus-z2-9260-2226-SubMenuAccountEdit-rkadm] INFO com.redknee.framework.xhome.xdb.LoggingXDB - rkadm, forEach, SELECT * FROM ACCOUNTIDENTIFICATION WHERE (BAN =  "112101351"  and  (x:orderBy(id ASC)) )
2015-06-13 13:36:37,185 [rkadm:http-optimus-z2-9260-2226-SubMenuAccountEdit-rkadm] INFO com.redknee.framework.xhome.xdb.LoggingXDB - rkadm, find, SELECT * FROM BLACKLIST WHERE (idType =  0  and idNumber =  "1482" )
2015-06-13 13:36:37,188 [rkadm:http-optimus-z2-9260-2226-SubMenuAccountEdit-rkadm] INFO com.redknee.framework.xhome.xdb.LoggingXDB - rkadm, forEach, SELECT * FROM XCONTACT WHERE account =  "112101351" 
2015-06-13 13:36:37,190 [rkadm:http-optimus-z2-9260-2226-SubMenuAccountEdit-rkadm] INFO com.redknee.framework.xhome.xdb.LoggingXDB - rkadm, find, SELECT * FROM DEALERCODE WHERE code = "1" AND spid = 1 
2015-06-13 13:36:37,191 [rkadm:http-optimus-z2-9260-2226-SubMenuAccountEdit-rkadm] INFO com.redknee.framework.xhome.xdb.LoggingXDB - rkadm, forEach, SELECT * FROM DEALERCODE WHERE (spid =  1  and ((spid =  -1  or spid =  1 )))
2015-06-13 13:36:37,192 [rkadm:http-optimus-z2-9260-2226-SubMenuAccountEdit-rkadm] [Calculation-ma6dmm3c-105jqm5iucf9r] INFO com.redknee.app.crm.calculation.service.WeakSessionCalculationService - Installed auto-caching home support for calculation service session [Key=ma6dmm3c-105jqm5iucf9r]
2015-06-13 13:36:37,192 [rkadm:http-optimus-z2-9260-2226-SubMenuAccountEdit-rkadm] [Calculation-ma6dmm3c-105jqm5iucf9r] DEBUG com.redknee.app.crm.calculation.service.WeakSessionCalculationService - New calculation session created.
2015-06-13 13:36:37,192 [rkadm:http-optimus-z2-9260-2226-SubMenuAccountEdit-rkadm] [Calculation-ma6dmm3c-105jqm5iucf9r] INFO com.redknee.app.crm.calculation.support.InvoiceSupport - InvoiceHome [com.redknee.framework.xhome.home.CurriedHome ( LRUCachingHome(0/100, com.redknee.framework.xhome.home.CurriedHome ( com.redknee.app.crm.home.DeleteInvoiceHome ( com.redknee.framework.xhome.home.CurriedHome ( ReadOnlyHome(delegate: com.redknee.framework.xhome.home.NoSelectAllHome ( com.redknee.framework.xhome.home.AdapterHome ( SortingHome(comparatorScript: , delegate: com.redknee.framework.xhome.home.ContextualizingHome ( com.redknee.framework.xhome.home.AuditJournalHome ( com.redknee.app.crm.calculation.home.InvoiceDeliveryUpdateHome ( NotifyingHome(delegate: com.redknee.app.crm.bean.InvoiceXDBHome@69c28405) )  )  ) ) )  ) ) )  )  ) ) ) ]
2015-06-13 13:36:37,193 [rkadm:http-optimus-z2-9260-2226-SubMenuAccountEdit-rkadm] [Calculation-ma6dmm3c-105jqm5iucf9r] INFO com.redknee.framework.xhome.xdb.LoggingXDB - rkadm, forEach, select  max(invoiceDate) from INVOICE where (BAN = "112101351" and  invoiceDate < 1434182797192 )
2015-06-13 13:36:37,193 [rkadm:http-optimus-z2-9260-2226-SubMenuAccountEdit-rkadm] [Calculation-ma6dmm3c-105jqm5iucf9r] DEBUG com.redknee.app.crm.calculation.support.SubscriberSupport - Look-up of the previous billing date from previous invoices failed for ban112101351 Check if account has previous invoice generated 
2015-06-13 13:36:37,193 [rkadm:http-optimus-z2-9260-2226-SubMenuAccountEdit-rkadm] [Calculation-ma6dmm3d-z1nr69bqqcu5lc] INFO com.redknee.app.crm.calculation.service.WeakSessionCalculationService - Installed auto-caching home support for calculation service session [Key=ma6dmm3d-z1nr69bqqcu5lc]
2015-06-13 13:36:37,193 [rkadm:http-optimus-z2-9260-2226-SubMenuAccountEdit-rkadm] [Calculation-ma6dmm3d-z1nr69bqqcu5lc] DEBUG com.redknee.app.crm.calculation.service.WeakSessionCalculationService - New calculation session created.
2015-06-13 13:36:37,193 [rkadm:http-optimus-z2-9260-2226-SubMenuAccountEdit-rkadm] [Calculation-ma6dmm3d-z1nr69bqqcu5lc] INFO com.redknee.app.crm.calculation.support.InvoiceSupport - InvoiceHome [com.redknee.framework.xhome.home.CurriedHome ( LRUCachingHome(0/100, com.redknee.framework.xhome.home.CurriedHome ( com.redknee.app.crm.home.DeleteInvoiceHome ( com.redknee.framework.xhome.home.CurriedHome ( ReadOnlyHome(delegate: com.redknee.framework.xhome.home.NoSelectAllHome ( com.redknee.framework.xhome.home.AdapterHome ( SortingHome(comparatorScript: , delegate: com.redknee.framework.xhome.home.ContextualizingHome ( com.redknee.framework.xhome.home.AuditJournalHome ( com.redknee.app.crm.calculation.home.InvoiceDeliveryUpdateHome ( NotifyingHome(delegate: com.redknee.app.crm.bean.InvoiceXDBHome@69c28405) )  )  ) ) )  ) ) )  )  ) ) ) ]
2015-06-13 13:36:37,194 [rkadm:http-optimus-z2-9260-2226-SubMenuAccountEdit-rkadm] [Calculation-ma6dmm3d-z1nr69bqqcu5lc] INFO com.redknee.framework.xhome.xdb.LoggingXDB - rkadm, forEach, select  max(invoiceDate) from INVOICE where (BAN = "112101351" and  invoiceDate < 1434182797193 )
2015-06-13 13:36:37,194 [rkadm:http-optimus-z2-9260-2226-SubMenuAccountEdit-rkadm] [Calculation-ma6dmm3d-z1nr69bqqcu5lc] DEBUG com.redknee.app.crm.calculation.support.SubscriberSupport - Look-up of the previous billing date from previous invoices failed for ban112101351 Check if account has previous invoice generated 
2015-06-13 13:36:37,194 [rkadm:http-optimus-z2-9260-2226-SubMenuAccountEdit-rkadm] MINOR com.redknee.app.crm.support.messages.MessageConfigurationSupport - Default-Language SMS Notification of type ID [com.redknee.app.crm.bean.PricePlanBillingMessageID] is missing for SPID: 0
2015-06-13 13:36:37,194 [rkadm:http-optimus-z2-9260-2226-SubMenuAccountEdit-rkadm] MINOR com.redknee.app.crm.support.messages.MessageConfigurationSupport - Default-Language SMS Notification of type ID [com.redknee.app.crm.bean.CreditCategoryBillingMessageID] is missing for SPID: 0
2015-06-13 13:36:37,195 [rkadm:http-optimus-z2-9260-2226-SubMenuAccountEdit-rkadm] MINOR com.redknee.app.crm.support.messages.MessageConfigurationSupport - Default-Language SMS Notification of type ID [com.redknee.app.crm.bean.BillCycleBillingMessageID] is missing for SPID: 0
2015-06-13 13:36:37,199 [rkadm:http-optimus-z2-9260-2226-SubMenuAccountEdit-rkadm] INFO com.redknee.framework.xhome.xdb.LoggingXDB - rkadm, forEach, SELECT * FROM SECURITYQUESTIONANSWER WHERE BAN =  "112101351" 
2015-06-13 13:36:37,201 [rkadm:http-optimus-z2-9260-2226-SubMenuAccountEdit-rkadm] INFO com.redknee.framework.xhome.xdb.LoggingXDB - rkadm, forEach, SELECT * FROM CREDITCARDTYPE WHERE 1 = 1
2015-06-13 13:36:37,202 [rkadm:http-optimus-z2-9260-2226-SubMenuAccountEdit-rkadm] INFO com.redknee.framework.xhome.xdb.LoggingXDB - rkadm, forEach, SELECT * FROM AccntGrpScreeningTemplate WHERE (spid IN ( 1 ) and BAN =  "112101351"  and spid =  1 )
2015-06-13 13:36:37,203 [rkadm:http-optimus-z2-9260-2226-SubMenuAccountEdit-rkadm] INFO com.redknee.framework.xhome.xdb.LoggingXDB - rkadm, forEach, SELECT * FROM GroupScreeningTemplate WHERE (spid IN ( 1 ) and spid =  1  and active =  y )
2015-06-13 13:36:37,204 [rkadm:http-optimus-z2-9260-2226-SubMenuAccountEdit-rkadm] INFO com.redknee.framework.xhome.xdb.LoggingXDB - rkadm, forEach, SELECT * FROM AccntGrpScreeningTemplate WHERE (spid IN ( 1 ) and BAN =  "112101351"  and spid =  1 )
2015-06-13 13:36:37,204 [rkadm:http-optimus-z2-9260-2226-SubMenuAccountEdit-rkadm] INFO com.redknee.framework.xhome.xdb.LoggingXDB - rkadm, forEach, SELECT * FROM ACTEXTFNF WHERE BAN =  "112101351" 
2015-06-13 13:36:37,205 [rkadm:http-optimus-z2-9260-2226-SubMenuAccountEdit-rkadm] INFO com.redknee.framework.xhome.xdb.LoggingXDB - rkadm, forEach, SELECT * FROM ACTEXTPOOL WHERE BAN =  "112101351" 
2015-06-13 13:36:37,205 [rkadm:http-optimus-z2-9260-2226-SubMenuAccountEdit-rkadm] INFO com.redknee.framework.xhome.xdb.LoggingXDB - rkadm, forEach, SELECT * FROM LOYALTYCARD WHERE BAN =  "112101351" 
2015-06-13 13:36:52,489 [rkadm:http-optimus-z2-9260-2226-SubMenuSubProfileEdit-rkadm] INFO com.redknee.framework.xhome.xdb.LoggingXDB - rkadm, forEach, SELECT * FROM SUBSCRIBER WHERE (BAN = "112101351" and  (x:limit(0,5)) )
2015-06-13 13:36:54,537 [rkadm:http-optimus-z2-9260-2226-SubMenuSubProfileEdit-rkadm] INFO com.redknee.app.crm.support.DefaultExtensionSupport - Extension of type com.redknee.app.crm.extension.account.GroupPricePlanExtension not available.  Returning null home key...
2015-06-13 13:36:54,537 [rkadm:http-optimus-z2-9260-2226-SubMenuSubProfileEdit-rkadm] DEBUG com.redknee.app.crm.support.DefaultHomeSupport - Attempting to determine bean count on WhereHome using forEach with CountingVisitor...
2015-06-13 13:36:54,537 [rkadm:http-optimus-z2-9260-2226-SubMenuSubProfileEdit-rkadm] DEBUG com.redknee.app.crm.factory.SubscriberFactory - filling subscription-type to [ +  SubscriptionType(id: 10001, name: Mobile Airtime, description: Mobile Airtime, type: 1)] for Subscriber []
2015-06-13 13:36:54,537 [rkadm:http-optimus-z2-9260-2226-SubMenuSubProfileEdit-rkadm] DEBUG com.redknee.app.crm.support.DefaultHomeSupport - Attempting to determine bean count on WhereHome using forEach with CountingVisitor...
2015-06-13 13:36:54,538 [rkadm:http-optimus-z2-9260-2226-SubMenuSubProfileEdit-rkadm] DEBUG com.redknee.app.crm.factory.SubscriberFactory - filling technology-type to [ +  ANY] for Subscriber []
2015-06-13 13:36:54,539 [rkadm:http-optimus-z2-9260-2226-SubMenuSubProfileEdit-rkadm] INFO com.redknee.app.crm.web.control.MsisdnGroupAvailMsisdnWebControl - We do not have any regular msisdns for  [.MSISDN]
2015-06-13 13:36:54,539 [rkadm:http-optimus-z2-9260-2226-SubMenuSubProfileEdit-rkadm] DEBUG com.redknee.app.crm.web.control.MsisdnGroupAvailMsisdnWebControl - AbstractKeyWebControl throws a NPE when msisdn field is null
2015-06-13 13:36:54,539 [rkadm:http-optimus-z2-9260-2226-SubMenuSubProfileEdit-rkadm] INFO com.redknee.app.crm.web.control.MsisdnGroupAvailMsisdnWebControl - We do not have any regular msisdns for  [.faxMSISDN]
2015-06-13 13:36:54,539 [rkadm:http-optimus-z2-9260-2226-SubMenuSubProfileEdit-rkadm] DEBUG com.redknee.app.crm.web.control.MsisdnGroupAvailMsisdnWebControl - AbstractKeyWebControl throws a NPE when msisdn field is null
2015-06-13 13:36:54,539 [rkadm:http-optimus-z2-9260-2226-SubMenuSubProfileEdit-rkadm] INFO com.redknee.app.crm.web.control.MsisdnGroupAvailMsisdnWebControl - We do not have any regular msisdns for  [.dataMSISDN]
2015-06-13 13:36:54,539 [rkadm:http-optimus-z2-9260-2226-SubMenuSubProfileEdit-rkadm] DEBUG com.redknee.app.crm.web.control.MsisdnGroupAvailMsisdnWebControl - AbstractKeyWebControl throws a NPE when msisdn field is null
2015-06-13 13:36:54,542 [rkadm:http-optimus-z2-9260-2226-SubMenuSubProfileEdit-rkadm] DEBUG com.redknee.app.crm.support.SubscriberSupport - lookupAccount()[findByPrimaryKey] Account BAN: [112101351]
2015-06-13 13:36:54,542 [rkadm:http-optimus-z2-9260-2226-SubMenuSubProfileEdit-rkadm] DEBUG com.redknee.app.crm.bundle.PointBundlesProxyWebControl - Filtering for loyalty point bundles
2015-06-13 13:36:54,544 [rkadm:http-optimus-z2-9260-2226-SubMenuSubProfileEdit-rkadm] INFO com.redknee.framework.xhome.xdb.LoggingXDB - rkadm, forEach, SELECT * FROM AUXILIARYSERVICE WHERE (spid IN ( 1 ) and 1 = 2)
2015-06-13 13:36:54,545 [rkadm:http-optimus-z2-9260-2226-SubMenuSubProfileEdit-rkadm] INFO com.redknee.framework.xhome.xdb.LoggingXDB - rkadm, find, SELECT * FROM RESOURCEDEVICEDEFAULTPACKAGE WHERE resourceID =  "" 
2015-06-13 13:36:54,546 [rkadm:http-optimus-z2-9260-2226-SubMenuSubProfileEdit-rkadm] DEBUG com.redknee.app.crm.support.DefaultHomeSupport - Attempting to determine bean count on WhereHome using forEach with CountingVisitor...
2015-06-13 13:36:54,547 [rkadm:http-optimus-z2-9260-2226-SubMenuSubProfileEdit-rkadm] MAJOR com.redknee.app.crm.filter.TechnologyLicenseEnumPredicateEvaluator - Failed to find licence for type: NO_TECHNOLOGY
2015-06-13 13:36:54,549 [rkadm:http-optimus-z2-9260-2226-SubMenuSubProfileEdit-rkadm] INFO com.redknee.framework.xhome.xdb.LoggingXDB - rkadm, forEach, SELECT * FROM SERVICEACTIVATIONTEMPLATE WHERE (((Technology =  0  or Technology =  3 )) and spid =  1  and subscriptionClass =  1 )
2015-06-13 13:36:54,550 [rkadm:http-optimus-z2-9260-2226-SubMenuSubProfileEdit-rkadm] INFO com.redknee.framework.xhome.xdb.LoggingXDB - rkadm, forEach, SELECT * FROM ACTIVATIONREASONCODE WHERE spid =  1 
2015-06-13 13:36:54,551 [rkadm:http-optimus-z2-9260-2226-SubMenuSubProfileEdit-rkadm] DEBUG com.redknee.app.crm.support.SubscriberSupport - lookupAccount()[findByPrimaryKey] Account BAN: [112101351]
2015-06-13 13:36:54,552 [rkadm:http-optimus-z2-9260-2226-SubMenuSubProfileEdit-rkadm] INFO com.redknee.framework.xhome.xdb.LoggingXDB - rkadm, forEach, SELECT * FROM MsisdnGroup WHERE (((Technology =  0  or Technology =  3 )) and spid =  1  and technology IN ( 0 , 3 ))
2015-06-13 13:36:54,553 [rkadm:http-optimus-z2-9260-2226-SubMenuSubProfileEdit-rkadm] DEBUG com.redknee.app.crm.web.control.MsisdnGroupAvailMsisdnWebControl - No default msisdn group found in Spid, using the first group found = MsisdnGroup(id: 701, name: JK Prepaid, spid: 1, technology: GSM, minSize: 0, fee: 0, adjustmentId: 0, numberHeld: 1, assignedMsisdns: 105, availableMsisdns: 0, fetchingFactor: 1000)
2015-06-13 13:36:54,554 [rkadm:http-optimus-z2-9260-2226-SubMenuSubProfileEdit-rkadm] INFO com.redknee.framework.xhome.xdb.LoggingXDB - rkadm, forEach, SELECT * FROM MSISDN WHERE (((Technology =  0  or Technology =  3 )) and spid =  1  and msisdnGroup =  701  and spid =  1  and subscriberType =  1  and ((state =  0  or (state =  2  and BAN =  "112101351"  and portingType =  0 ))) and  (x:limit(0,20)) )
2015-06-13 13:36:54,557 [rkadm:http-optimus-z2-9260-2226-SubMenuSubProfileEdit-rkadm] INFO com.redknee.framework.xhome.xdb.LoggingXDB - rkadm, forEach, SELECT * FROM DEALERCODE WHERE (spid =  1  and ((spid =  -1  or spid =  1 )))
2015-06-13 13:36:54,559 [rkadm:http-optimus-z2-9260-2226-SubMenuSubProfileEdit-rkadm] DEBUG com.redknee.app.crm.support.SubscriberSupport - lookupAccount()[findByPrimaryKey] Account BAN: [112101351]
2015-06-13 13:36:54,564 [:http-optimus-z2-9260-2226-SubMenuSubProfileEdit-rkadm] DEBUG com.redknee.app.crm.support.SubscriberSupport - ... last message [lookupAccount()[findByPrimaryKey] Account BAN: [112101351]] repeated (2) times.
2015-06-13 13:36:54,564 [rkadm:http-optimus-z2-9260-2226-SubMenuSubProfileEdit-rkadm] INFO com.redknee.framework.xhome.xdb.LoggingXDB - rkadm, forEach, SELECT * FROM PRICEPLAN WHERE (((Technology =  0  or Technology =  3 )) and spid =  1  and subscriptionType =  10001 )
2015-06-13 13:36:54,569 [rkadm:http-optimus-z2-9260-2226-SubMenuSubProfileEdit-rkadm] DEBUG com.redknee.app.crm.web.control.CustomizedPricePlanKeyWebControl - Unsupported bean type uses CustomizedPricePlanKeyWebControl
2015-06-13 13:36:54,584 [:http-optimus-z2-9260-2226-SubMenuSubProfileEdit-rkadm] DEBUG com.redknee.app.crm.web.control.CustomizedPricePlanKeyWebControl - ... last message [Unsupported bean type uses CustomizedPricePlanKeyWebControl] repeated (183) times.
2015-06-13 13:36:54,584 [rkadm:http-optimus-z2-9260-2226-SubMenuSubProfileEdit-rkadm] INFO com.redknee.framework.xhome.xdb.LoggingXDB - rkadm, forEach, SELECT * FROM PRICEPLAN WHERE (((Technology =  0  or Technology =  3 )) and spid =  1  and subscriptionType =  10001 )
2015-06-13 13:36:54,588 [rkadm:http-optimus-z2-9260-2226-SubMenuSubProfileEdit-rkadm] DEBUG com.redknee.app.crm.web.control.CustomizedPricePlanKeyWebControl - Unsupported bean type uses CustomizedPricePlanKeyWebControl
2015-06-13 13:36:54,598 [:http-optimus-z2-9260-2226-SubMenuSubProfileEdit-rkadm] DEBUG com.redknee.app.crm.web.control.CustomizedPricePlanKeyWebControl - ... last message [Unsupported bean type uses CustomizedPricePlanKeyWebControl] repeated (183) times.
2015-06-13 13:36:54,598 [rkadm:http-optimus-z2-9260-2226-SubMenuSubProfileEdit-rkadm] DEBUG com.redknee.app.crm.support.SubscriberSupport - lookupAccount()[findByPrimaryKey] Account BAN: [112101351]
2015-06-13 13:36:54,599 [rkadm:http-optimus-z2-9260-2226-SubMenuSubProfileEdit-rkadm] INFO com.redknee.framework.xhome.xdb.LoggingXDB - rkadm, forEach, SELECT * FROM GroupScreeningTemplate WHERE (spid =  1  and identifier =  -1 )
2015-06-13 13:36:54,609 [rkadm:http-optimus-z2-9260-2226-SubMenuSubProfileEdit-rkadm] INFO com.redknee.framework.xhome.xdb.LoggingXDB - rkadm, forEach, SELECT * FROM BundleCategoryAssociation WHERE bundleId =  64 
2015-06-13 13:36:54,625 [:http-optimus-z2-9260-2226-SubMenuSubProfileEdit-rkadm] INFO com.redknee.framework.xhome.xdb.LoggingXDB - ... last message [rkadm, forEach, SELECT * FROM BundleCategoryAssociation WHERE bundleId =  64 ] repeated (3) times.
2015-06-13 13:36:54,625 [rkadm:http-optimus-z2-9260-2226-SubMenuSubProfileEdit-rkadm] DEBUG com.redknee.app.crm.web.control.AdaptedAuxiliaryServiceSelectionWebControl - Associations inside getSelectableAuxiliaryServices = []
2015-06-13 13:36:54,629 [rkadm:http-optimus-z2-9260-2226-SubMenuSubProfileEdit-rkadm] INFO com.redknee.framework.xhome.xdb.LoggingXDB - rkadm, forEach, SELECT * FROM AUXSVCEXTCALLINGGROUP WHERE auxiliaryServiceId =  38 
2015-06-13 13:36:54,630 [rkadm:http-optimus-z2-9260-2226-SubMenuSubProfileEdit-rkadm] INFO com.redknee.framework.xhome.xdb.LoggingXDB - rkadm, forEach, SELECT * FROM AUXSVCEXTCALLINGGROUP WHERE auxiliaryServiceId =  87 
2015-06-13 13:36:54,631 [rkadm:http-optimus-z2-9260-2226-SubMenuSubProfileEdit-rkadm] INFO com.redknee.framework.xhome.xdb.LoggingXDB - rkadm, forEach, SELECT * FROM AUXSVCEXTCALLINGGROUP WHERE auxiliaryServiceId =  42 
2015-06-13 13:36:54,632 [rkadm:http-optimus-z2-9260-2226-SubMenuSubProfileEdit-rkadm] INFO com.redknee.framework.xhome.xdb.LoggingXDB - rkadm, forEach, SELECT * FROM AUXSVCEXTCALLINGGROUP WHERE auxiliaryServiceId =  15 
2015-06-13 13:36:54,633 [rkadm:http-optimus-z2-9260-2226-SubMenuSubProfileEdit-rkadm] INFO com.redknee.framework.xhome.xdb.LoggingXDB - rkadm, forEach, SELECT * FROM AUXSVCEXTCALLINGGROUP WHERE auxiliaryServiceId =  41 
2015-06-13 13:36:54,634 [rkadm:http-optimus-z2-9260-2226-SubMenuSubProfileEdit-rkadm] INFO com.redknee.framework.xhome.xdb.LoggingXDB - rkadm, forEach, SELECT * FROM AUXSVCEXTCALLINGGROUP WHERE auxiliaryServiceId =  24 
2015-06-13 13:36:54,635 [rkadm:http-optimus-z2-9260-2226-SubMenuSubProfileEdit-rkadm] INFO com.redknee.framework.xhome.xdb.LoggingXDB - rkadm, forEach, SELECT * FROM AUXSVCEXTCALLINGGROUP WHERE auxiliaryServiceId =  25 
2015-06-13 13:36:54,635 [rkadm:http-optimus-z2-9260-2226-SubMenuSubProfileEdit-rkadm] INFO com.redknee.framework.xhome.xdb.LoggingXDB - rkadm, forEach, SELECT * FROM AUXSVCEXTCALLINGGROUP WHERE auxiliaryServiceId =  27 
2015-06-13 13:36:54,636 [rkadm:http-optimus-z2-9260-2226-SubMenuSubProfileEdit-rkadm] INFO com.redknee.framework.xhome.xdb.LoggingXDB - rkadm, forEach, SELECT * FROM AUXSVCEXTCALLINGGROUP WHERE auxiliaryServiceId =  2 
2015-06-13 13:36:54,637 [rkadm:http-optimus-z2-9260-2226-SubMenuSubProfileEdit-rkadm] INFO com.redknee.framework.xhome.xdb.LoggingXDB - rkadm, forEach, SELECT * FROM AUXSVCEXTCALLINGGROUP WHERE auxiliaryServiceId =  37 
2015-06-13 13:36:54,638 [rkadm:http-optimus-z2-9260-2226-SubMenuSubProfileEdit-rkadm] INFO com.redknee.framework.xhome.xdb.LoggingXDB - rkadm, forEach, SELECT * FROM AUXSVCEXTCALLINGGROUP WHERE auxiliaryServiceId =  12 
2015-06-13 13:36:54,639 [rkadm:http-optimus-z2-9260-2226-SubMenuSubProfileEdit-rkadm] INFO com.redknee.framework.xhome.xdb.LoggingXDB - rkadm, forEach, SELECT * FROM AUXSVCEXTCALLINGGROUP WHERE auxiliaryServiceId =  14 
2015-06-13 13:36:54,639 [rkadm:http-optimus-z2-9260-2226-SubMenuSubProfileEdit-rkadm] INFO com.redknee.framework.xhome.xdb.LoggingXDB - rkadm, forEach, SELECT * FROM AUXSVCEXTCALLINGGROUP WHERE auxiliaryServiceId =  81 
2015-06-13 13:36:54,640 [rkadm:http-optimus-z2-9260-2226-SubMenuSubProfileEdit-rkadm] INFO com.redknee.framework.xhome.xdb.LoggingXDB - rkadm, forEach, SELECT * FROM AUXSVCEXTCALLINGGROUP WHERE auxiliaryServiceId =  82 
2015-06-13 13:36:54,641 [rkadm:http-optimus-z2-9260-2226-SubMenuSubProfileEdit-rkadm] INFO com.redknee.framework.xhome.xdb.LoggingXDB - rkadm, forEach, SELECT * FROM AUXSVCEXTCALLINGGROUP WHERE auxiliaryServiceId =  17 
2015-06-13 13:36:54,642 [rkadm:http-optimus-z2-9260-2226-SubMenuSubProfileEdit-rkadm] INFO com.redknee.framework.xhome.xdb.LoggingXDB - rkadm, forEach, SELECT * FROM AUXSVCEXTCALLINGGROUP WHERE auxiliaryServiceId =  13 
2015-06-13 13:36:54,643 [rkadm:http-optimus-z2-9260-2226-SubMenuSubProfileEdit-rkadm] INFO com.redknee.framework.xhome.xdb.LoggingXDB - rkadm, forEach, SELECT * FROM AUXSVCEXTCALLINGGROUP WHERE auxiliaryServiceId =  98 
2015-06-13 13:36:54,644 [rkadm:http-optimus-z2-9260-2226-SubMenuSubProfileEdit-rkadm] INFO com.redknee.framework.xhome.xdb.LoggingXDB - rkadm, forEach, SELECT * FROM AUXSVCEXTCALLINGGROUP WHERE auxiliaryServiceId =  100 
2015-06-13 13:36:54,644 [rkadm:http-optimus-z2-9260-2226-SubMenuSubProfileEdit-rkadm] INFO com.redknee.framework.xhome.xdb.LoggingXDB - rkadm, forEach, SELECT * FROM AUXSVCEXTCALLINGGROUP WHERE auxiliaryServiceId =  101 
2015-06-13 13:36:54,645 [rkadm:http-optimus-z2-9260-2226-SubMenuSubProfileEdit-rkadm] INFO com.redknee.framework.xhome.xdb.LoggingXDB - rkadm, forEach, SELECT * FROM AUXSVCEXTCALLINGGROUP WHERE auxiliaryServiceId =  20 
2015-06-13 13:36:54,646 [rkadm:http-optimus-z2-9260-2226-SubMenuSubProfileEdit-rkadm] INFO com.redknee.framework.xhome.xdb.LoggingXDB - rkadm, forEach, SELECT * FROM AUXSVCEXTCALLINGGROUP WHERE auxiliaryServiceId =  7 
2015-06-13 13:36:54,647 [rkadm:http-optimus-z2-9260-2226-SubMenuSubProfileEdit-rkadm] INFO com.redknee.framework.xhome.xdb.LoggingXDB - rkadm, forEach, SELECT * FROM AUXSVCEXTCALLINGGROUP WHERE auxiliaryServiceId =  10 
2015-06-13 13:36:54,648 [rkadm:http-optimus-z2-9260-2226-SubMenuSubProfileEdit-rkadm] INFO com.redknee.framework.xhome.xdb.LoggingXDB - rkadm, forEach, SELECT * FROM AUXSVCEXTCALLINGGROUP WHERE auxiliaryServiceId =  19 
2015-06-13 13:36:54,649 [rkadm:http-optimus-z2-9260-2226-SubMenuSubProfileEdit-rkadm] INFO com.redknee.framework.xhome.xdb.LoggingXDB - rkadm, forEach, SELECT * FROM AUXSVCEXTCALLINGGROUP WHERE auxiliaryServiceId =  40 
2015-06-13 13:36:54,649 [rkadm:http-optimus-z2-9260-2226-SubMenuSubProfileEdit-rkadm] INFO com.redknee.framework.xhome.xdb.LoggingXDB - rkadm, forEach, SELECT * FROM AUXSVCEXTCALLINGGROUP WHERE auxiliaryServiceId =  21 
2015-06-13 13:36:54,650 [rkadm:http-optimus-z2-9260-2226-SubMenuSubProfileEdit-rkadm] INFO com.redknee.framework.xhome.xdb.LoggingXDB - rkadm, forEach, SELECT * FROM AUXSVCEXTCALLINGGROUP WHERE auxiliaryServiceId =  29 
2015-06-13 13:36:54,651 [rkadm:http-optimus-z2-9260-2226-SubMenuSubProfileEdit-rkadm] INFO com.redknee.framework.xhome.xdb.LoggingXDB - rkadm, forEach, SELECT * FROM AUXSVCEXTCALLINGGROUP WHERE auxiliaryServiceId =  30 
2015-06-13 13:36:54,652 [rkadm:http-optimus-z2-9260-2226-SubMenuSubProfileEdit-rkadm] INFO com.redknee.framework.xhome.xdb.LoggingXDB - rkadm, forEach, SELECT * FROM AUXSVCEXTCALLINGGROUP WHERE auxiliaryServiceId =  31 
2015-06-13 13:36:54,659 [rkadm:http-optimus-z2-9260-2226-SubMenuSubProfileEdit-rkadm] INFO com.redknee.framework.xhome.xdb.LoggingXDB - rkadm, forEach, SELECT * FROM AUXILIARYSERVICE WHERE (((Technology =  0  or Technology =  3 )) and spid =  1  and spid =  1  and state <>  2  and TYPE <>  6  and  (x:orderBy(TYPE ASC,name ASC,identifier ASC)) )
2015-06-13 13:36:54,666 [rkadm:http-optimus-z2-9260-2226-SubMenuSubProfileEdit-rkadm] DEBUG com.redknee.app.crm.web.control.AdaptedAuxiliaryServiceSelectionWebControl - Selectable auxiliary services for subscriber  are [AuxiliaryServiceSelection(selectionIdentifier: 41, name: HBD, secondaryId: -1, chargingModeType: Monthly, recurrenceInterval: 1, charge: 1000000, enabled: false, checked: false, startDate: Sat Jun 13 13:36:54 IST 2015, endDate: Wed Jun 13 00:00:00 IST 2035, paymentNum: 0, nextRecurringChargeDate: null, vpnMode: 0), AuxiliaryServiceSelection(selectionIdentifier: 100, name: Tarun_PLP, secondaryId: -1, chargingModeType: Monthly, recurrenceInterval: 1, charge: 0, enabled: false, checked: false, startDate: Sat Jun 13 13:36:54 IST 2015, endDate: Wed Jun 13 00:00:00 IST 2035, paymentNum: 0, nextRecurringChargeDate: null, vpnMode: 0), AuxiliaryServiceSelection(selectionIdentifier: 101, name: Tarun_PLP_1, secondaryId: -1, chargingModeType: Monthly, recurrenceInterval: 1, charge: 0, enabled: false, checked: false, startDate: Sat Jun 13 13:36:54 IST 2015, endDate: Wed Jun 13 00:00:00 IST 2035, paymentNum: 0, nextRecurringChargeDate: null, vpnMode: 0), AuxiliaryServiceSelection(selectionIdentifier: 17, name: pragya_BP, secondaryId: -1, chargingModeType: Monthly, recurrenceInterval: 1, charge: 0, enabled: false, checked: false, startDate: Sat Jun 13 13:36:54 IST 2015, endDate: Wed Jun 13 00:00:00 IST 2035, paymentNum: 0, nextRecurringChargeDate: null, vpnMode: 0), AuxiliaryServiceSelection(selectionIdentifier: 88, name: 14120856002-TT-AUX-SERVICE, secondaryId: -1, chargingModeType: Multi-Monthly, recurrenceInterval: 2, charge: 0, enabled: false, checked: false, startDate: Sat Jun 13 13:36:54 IST 2015, endDate: Wed Jun 13 00:00:00 IST 2035, paymentNum: 0, nextRecurringChargeDate: null, vpnMode: 0), AuxiliaryServiceSelection(selectionIdentifier: 89, name: 14120856002-TT-AUX-SERVICE-2, secondaryId: -1, chargingModeType: Multi-Monthly, recurrenceInterval: 2, charge: 0, enabled: false, checked: false, startDate: Sat Jun 13 13:36:54 IST 2015, endDate: Wed Jun 13 00:00:00 IST 2035, paymentNum: 0, nextRecurringChargeDate: null, vpnMode: 0), AuxiliaryServiceSelection(selectionIdentifier: 90, name: 14120856002-TT-AUX-SERVICE-2, secondaryId: -1, chargingModeType: Multi-Monthly, recurrenceInterval: 2, charge: 0, enabled: false, checked: false, startDate: Sat Jun 13 13:36:54 IST 2015, endDate: Wed Jun 13 00:00:00 IST 2035, paymentNum: 0, nextRecurringChargeDate: null, vpnMode: 0), AuxiliaryServiceSelection(selectionIdentifier: 91, name: 14120856002-TT-AUX-SERVICE-3, secondaryId: -1, chargingModeType: Multi-Monthly, recurrenceInterval: 2, charge: 0, enabled: false, checked: false, startDate: Sat Jun 13 13:36:54 IST 2015, endDate: Wed Jun 13 00:00:00 IST 2035, paymentNum: 0, nextRecurringChargeDate: null, vpnMode: 0), AuxiliaryServiceSelection(selectionIdentifier: 92, name: 14120856002-TT-AUX-SERVICE-3, secondaryId: -1, chargingModeType: Multi-Monthly, recurrenceInterval: 2, charge: 100, enabled: false, checked: false, startDate: Sat Jun 13 13:36:54 IST 2015, endDate: Wed Jun 13 00:00:00 IST 2035, paymentNum: 0, nextRecurringChargeDate: null, vpnMode: 0), AuxiliaryServiceSelection(selectionIdentifier: 45, name: BasicAux, secondaryId: -1, chargingModeType: Monthly, recurrenceInterval: 2, charge: 200, enabled: false, checked: false, startDate: Sat Jun 13 13:36:54 IST 2015, endDate: Wed Jun 13 00:00:00 IST 2035, paymentNum: 0, nextRecurringChargeDate: null, vpnMode: 0), AuxiliaryServiceSelection(selectionIdentifier: 46, name: BasicAuxNonRefundable, secondaryId: -1, chargingModeType: Monthly, recurrenceInterval: 2, charge: 200, enabled: false, checked: false, startDate: Sat Jun 13 13:36:54 IST 2015, endDate: Wed Jun 13 00:00:00 IST 2035, paymentNum: 0, nextRecurringChargeDate: null, vpnMode: 0), AuxiliaryServiceSelection(selectionIdentifier: 32, name: MonthlyAux, secondaryId: -1, chargingModeType: Monthly, recurrenceInterval: 2, charge: 2000, enabled: false, checked: false, startDate: Sat Jun 13 13:36:54 IST 2015, endDate: Wed Jun 13 00:00:00 IST 2035, paymentNum: 0, nextRecurringChargeDate: null, vpnMode: 0), AuxiliaryServiceSelection(selectionIdentifier: 33, name: MonthlyAuxFull, secondaryId: -1, chargingModeType: Monthly, recurrenceInterval: 2, charge: 0, enabled: false, checked: false, startDate: Sat Jun 13 13:36:54 IST 2015, endDate: Wed Jun 13 00:00:00 IST 2035, paymentNum: 0, nextRecurringChargeDate: null, vpnMode: 0), AuxiliaryServiceSelection(selectionIdentifier: 36, name: MonthlyAuxFull, secondaryId: -1, chargingModeType: Monthly, recurrenceInterval: 2, charge: 0, enabled: false, checked: false, startDate: Sat Jun 13 13:36:54 IST 2015, endDate: Wed Jun 13 00:00:00 IST 2035, paymentNum: 0, nextRecurringChargeDate: null, vpnMode: 0), AuxiliaryServiceSelection(selectionIdentifier: 26, name: OneTime, secondaryId: -1, chargingModeType: One time, recurrenceInterval: 0, charge: 200000, enabled: false, checked: false, startDate: Sat Jun 13 13:36:54 IST 2015, endDate: Sun Jun 14 00:00:00 IST 2015, paymentNum: 0, nextRecurringChargeDate: null, vpnMode: 0), AuxiliaryServiceSelection(selectionIdentifier: 39, name: OneTime - One off fixed date, secondaryId: -1, chargingModeType: One time, recurrenceInterval: 0, charge: 100000, enabled: false, checked: false, startDate: Sat Jun 13 13:36:54 IST 2015, endDate: Tue Nov 25 14:12:12 IST 2014, paymentNum: 0, nextRecurringChargeDate: null, vpnMode: 0), AuxiliaryServiceSelection(selectionIdentifier: 3, name: TestAux, secondaryId: -1, chargingModeType: Monthly, recurrenceInterval: 2, charge: 1000, enabled: false, checked: false, startDate: Sat Jun 13 13:36:54 IST 2015, endDate: Wed Jun 13 00:00:00 IST 2035, paymentNum: 0, nextRecurringChargeDate: null, vpnMode: 0), AuxiliaryServiceSelection(selectionIdentifier: 74, name: TestAux_non-refund, secondaryId: -1, chargingModeType: Monthly, recurrenceInterval: 2, charge: 1000, enabled: false, checked: false, startDate: Sat Jun 13 13:36:54 IST 2015, endDate: Wed Jun 13 00:00:00 IST 2035, paymentNum: 0, nextRecurringChargeDate: null, vpnMode: 0), AuxiliaryServiceSelection(selectionIdentifier: 86, name: dailyVoice, secondaryId: -1, chargingModeType: Daily, recurrenceInterval: 2, charge: 200000, enabled: false, checked: false, startDate: Sat Jun 13 13:36:54 IST 2015, endDate: Wed Jun 13 00:00:00 IST 2035, paymentNum: 0, nextRecurringChargeDate: null, vpnMode: 0), AuxiliaryServiceSelection(selectionIdentifier: 22, name: jk, secondaryId: -1, chargingModeType: Monthly, recurrenceInterval: 2, charge: 0, enabled: false, checked: false, startDate: Sat Jun 13 13:36:54 IST 2015, endDate: Wed Jun 13 00:00:00 IST 2035, paymentNum: 0, nextRecurringChargeDate: null, vpnMode: 0), AuxiliaryServiceSelection(selectionIdentifier: 28, name: jk, secondaryId: -1, chargingModeType: Monthly, recurrenceInterval: 2, charge: 0, enabled: false, checked: false, startDate: Sat Jun 13 13:36:54 IST 2015, endDate: Wed Jun 13 00:00:00 IST 2035, paymentNum: 0, nextRecurringChargeDate: null, vpnMode: 0), AuxiliaryServiceSelection(selectionIdentifier: 95, name: mm2months, secondaryId: -1, chargingModeType: Monthly, recurrenceInterval: 2, charge: 0, enabled: false, checked: false, startDate: Sat Jun 13 13:36:54 IST 2015, endDate: Wed Jun 13 00:00:00 IST 2035, paymentNum: 0, nextRecurringChargeDate: null, vpnMode: 0), AuxiliaryServiceSelection(selectionIdentifier: 96, name: mm2months, secondaryId: -1, chargingModeType: Multi-Monthly, recurrenceInterval: 2, charge: 200, enabled: false, checked: false, startDate: Sat Jun 13 13:36:54 IST 2015, endDate: Wed Jun 13 00:00:00 IST 2035, paymentNum: 0, nextRecurringChargeDate: null, vpnMode: 0), AuxiliaryServiceSelection(selectionIdentifier: 97, name: mm3months, secondaryId: -1, chargingModeType: Multi-Monthly, recurrenceInterval: 3, charge: 300, enabled: false, checked: false, startDate: Sat Jun 13 13:36:54 IST 2015, endDate: Wed Jun 13 00:00:00 IST 2035, paymentNum: 0, nextRecurringChargeDate: null, vpnMode: 0), AuxiliaryServiceSelection(selectionIdentifier: 34, name: monthlyFULLrefundable, secondaryId: -1, chargingModeType: Monthly, recurrenceInterval: 2, charge: 0, enabled: false, checked: false, startDate: Sat Jun 13 13:36:54 IST 2015, endDate: Wed Jun 13 00:00:00 IST 2035, paymentNum: 0, nextRecurringChargeDate: null, vpnMode: 0), AuxiliaryServiceSelection(selectionIdentifier: 35, name: monthlyRefundable, secondaryId: -1, chargingModeType: Monthly, recurrenceInterval: 2, charge: 200, enabled: false, checked: false, startDate: Sat Jun 13 13:36:54 IST 2015, endDate: Wed Jun 13 00:00:00 IST 2035, paymentNum: 0, nextRecurringChargeDate: null, vpnMode: 0), AuxiliaryServiceSelection(selectionIdentifier: 43, name: pragya_BP1, secondaryId: -1, chargingModeType: Monthly, recurrenceInterval: 2, charge: 0, enabled: false, checked: false, startDate: Sat Jun 13 13:36:54 IST 2015, endDate: Wed Jun 13 00:00:00 IST 2035, paymentNum: 0, nextRecurringChargeDate: null, vpnMode: 0), AuxiliaryServiceSelection(selectionIdentifier: 99, name: testOnetime, secondaryId: -1, chargingModeType: One time, recurrenceInterval: 0, charge: 1000, enabled: false, checked: false, startDate: Sat Jun 13 13:36:54 IST 2015, endDate: Mon Jul 13 00:00:00 IST 2015, paymentNum: 0, nextRecurringChargeDate: null, vpnMode: 0), AuxiliaryServiceSelection(selectionIdentifier: 93, name: testPanga, secondaryId: -1, chargingModeType: Daily, recurrenceInterval: 2, charge: 1000, enabled: false, checked: false, startDate: Sat Jun 13 13:36:54 IST 2015, endDate: Wed Jun 13 00:00:00 IST 2035, paymentNum: 0, nextRecurringChargeDate: null, vpnMode: 0), AuxiliaryServiceSelection(selectionIdentifier: 94, name: TicketAuxService, secondaryId: -1, chargingModeType: Monthly, recurrenceInterval: 2, charge: 200, enabled: false, checked: false, startDate: Sat Jun 13 13:36:54 IST 2015, endDate: Wed Jun 13 00:00:00 IST 2035, paymentNum: 0, nextRecurringChargeDate: null, vpnMode: 0), AuxiliaryServiceSelection(selectionIdentifier: 47, name: provisionableAux, secondaryId: -1, chargingModeType: Monthly, recurrenceInterval: 2, charge: 200, enabled: false, checked: false, startDate: Sat Jun 13 13:36:54 IST 2015, endDate: Wed Jun 13 00:00:00 IST 2035, paymentNum: 0, nextRecurringChargeDate: null, vpnMode: 0), AuxiliaryServiceSelection(selectionIdentifier: 48, name: provisionableAuxNonRefundable, secondaryId: -1, chargingModeType: Monthly, recurrenceInterval: 2, charge: 200, enabled: false, checked: false, startDate: Sat Jun 13 13:36:54 IST 2015, endDate: Wed Jun 13 00:00:00 IST 2035, paymentNum: 0, nextRecurringChargeDate: null, vpnMode: 0), AuxiliaryServiceSelection(selectionIdentifier: 85, name: provisionableUnprovisioning, secondaryId: -1, chargingModeType: Monthly, recurrenceInterval: 2, charge: 0, enabled: false, checked: false, startDate: Sat Jun 13 13:36:54 IST 2015, endDate: Wed Jun 13 00:00:00 IST 2035, paymentNum: 0, nextRecurringChargeDate: null, vpnMode: 0), AuxiliaryServiceSelection(selectionIdentifier: 5, name: testAux3, secondaryId: -1, chargingModeType: Monthly, recurrenceInterval: 30, charge: 200, enabled: false, checked: false, startDate: Sat Jun 13 13:36:54 IST 2015, endDate: Wed Jun 13 00:00:00 IST 2035, paymentNum: 0, nextRecurringChargeDate: null, vpnMode: 0), AuxiliaryServiceSelection(selectionIdentifier: 63, name: voivemail_non refund, secondaryId: -1, chargingModeType: Monthly, recurrenceInterval: 2, charge: 0, enabled: false, checked: false, startDate: Sat Jun 13 13:36:54 IST 2015, endDate: Wed Jun 13 00:00:00 IST 2035, paymentNum: 0, nextRecurringChargeDate: null, vpnMode: 0), AuxiliaryServiceSelection(selectionIdentifier: 62, name: voivemail_refund, secondaryId: -1, chargingModeType: Monthly, recurrenceInterval: 2, charge: 0, enabled: false, checked: false, startDate: Sat Jun 13 13:36:54 IST 2015, endDate: Wed Jun 13 00:00:00 IST 2035, paymentNum: 0, nextRecurringChargeDate: null, vpnMode: 0), AuxiliaryServiceSelection(selectionIdentifier: 11, name: Protei PRBT Service, secondaryId: -1, chargingModeType: Monthly, recurrenceInterval: 2, charge: 0, enabled: false, checked: false, startDate: Sat Jun 13 13:36:54 IST 2015, endDate: Wed Jun 13 00:00:00 IST 2035, paymentNum: 0, nextRecurringChargeDate: null, vpnMode: 0), AuxiliaryServiceSelection(selectionIdentifier: 79, name: Protei PRBT Service-non-refund, secondaryId: -1, chargingModeType: Monthly, recurrenceInterval: 2, charge: 0, enabled: false, checked: false, startDate: Sat Jun 13 13:36:54 IST 2015, endDate: Wed Jun 13 00:00:00 IST 2035, paymentNum: 0, nextRecurringChargeDate: null, vpnMode: 0), AuxiliaryServiceSelection(selectionIdentifier: 69, name: BoltNew, secondaryId: -1, chargingModeType: Monthly, recurrenceInterval: 2, charge: 0, enabled: false, checked: false, startDate: Sat Jun 13 13:36:54 IST 2015, endDate: Wed Jun 13 00:00:00 IST 2035, paymentNum: 0, nextRecurringChargeDate: null, vpnMode: 0), AuxiliaryServiceSelection(selectionIdentifier: 70, name: BoltNonRefundable, secondaryId: -1, chargingModeType: Monthly, recurrenceInterval: 2, charge: 200, enabled: false, checked: false, startDate: Sat Jun 13 13:36:54 IST 2015, endDate: Wed Jun 13 00:00:00 IST 2035, paymentNum: 0, nextRecurringChargeDate: null, vpnMode: 0), AuxiliaryServiceSelection(selectionIdentifier: 60, name: bolt-on-non refund, secondaryId: -1, chargingModeType: Monthly, recurrenceInterval: 2, charge: 0, enabled: false, checked: false, startDate: Sat Jun 13 13:36:54 IST 2015, endDate: Wed Jun 13 00:00:00 IST 2035, paymentNum: 0, nextRecurringChargeDate: null, vpnMode: 0), AuxiliaryServiceSelection(selectionIdentifier: 59, name: bolt-on-refund, secondaryId: -1, chargingModeType: Monthly, recurrenceInterval: 2, charge: 0, enabled: false, checked: false, startDate: Sat Jun 13 13:36:54 IST 2015, endDate: Wed Jun 13 00:00:00 IST 2035, paymentNum: 0, nextRecurringChargeDate: null, vpnMode: 0), AuxiliaryServiceSelection(selectionIdentifier: 58, name: discount, secondaryId: -1, chargingModeType: Monthly, recurrenceInterval: 2, charge: 0, enabled: false, checked: false, startDate: Sat Jun 13 13:36:54 IST 2015, endDate: Wed Jun 13 00:00:00 IST 2035, paymentNum: 0, nextRecurringChargeDate: null, vpnMode: 0), AuxiliaryServiceSelection(selectionIdentifier: 6, name: discountTest, secondaryId: -1, chargingModeType: Monthly, recurrenceInterval: 2, charge: 0, enabled: false, checked: false, startDate: Sat Jun 13 13:36:54 IST 2015, endDate: Wed Jun 13 00:00:00 IST 2035, paymentNum: 0, nextRecurringChargeDate: null, vpnMode: 0), AuxiliaryServiceSelection(selectionIdentifier: 77, name: PRBT supp_refund, secondaryId: -1, chargingModeType: Monthly, recurrenceInterval: 2, charge: 0, enabled: false, checked: false, startDate: Sat Jun 13 13:36:54 IST 2015, endDate: Wed Jun 13 00:00:00 IST 2035, paymentNum: 0, nextRecurringChargeDate: null, vpnMode: 0), AuxiliaryServiceSelection(selectionIdentifier: 78, name: PRBT supp_refund, secondaryId: -1, chargingModeType: Monthly, recurrenceInterval: 2, charge: 0, enabled: false, checked: false, startDate: Sat Jun 13 13:36:54 IST 2015, endDate: Wed Jun 13 00:00:00 IST 2035, paymentNum: 0, nextRecurringChargeDate: null, vpnMode: 0), AuxiliaryServiceSelection(selectionIdentifier: 16, name: Multi SIM, secondaryId: -1, chargingModeType: Monthly, recurrenceInterval: 2, charge: 0, enabled: false, checked: false, startDate: Sat Jun 13 13:36:54 IST 2015, endDate: Wed Jun 13 00:00:00 IST 2035, paymentNum: 0, nextRecurringChargeDate: null, vpnMode: 0), AuxiliaryServiceSelection(selectionIdentifier: 73, name: MultiSim_alp, secondaryId: -1, chargingModeType: Monthly, recurrenceInterval: 2, charge: 0, enabled: false, checked: false, startDate: Sat Jun 13 13:36:54 IST 2015, endDate: Wed Jun 13 00:00:00 IST 2035, paymentNum: 0, nextRecurringChargeDate: null, vpnMode: 0), AuxiliaryServiceSelection(selectionIdentifier: 83, name: multi-sim_tt, secondaryId: -1, chargingModeType: Monthly, recurrenceInterval: 2, charge: 1000000, enabled: false, checked: false, startDate: Sat Jun 13 13:36:54 IST 2015, endDate: Wed Jun 13 00:00:00 IST 2035, paymentNum: 0, nextRecurringChargeDate: null, vpnMode: 0), AuxiliaryServiceSelection(selectionIdentifier: 84, name: multisin_flag_enabled, secondaryId: -1, chargingModeType: Monthly, recurrenceInterval: 2, charge: 1000000, enabled: false, checked: false, startDate: Sat Jun 13 13:36:54 IST 2015, endDate: Wed Jun 13 00:00:00 IST 2035, paymentNum: 0, nextRecurringChargeDate: null, vpnMode: 0), AuxiliaryServiceSelection(selectionIdentifier: 18, name: prags_multisim, secondaryId: -1, chargingModeType: Monthly, recurrenceInterval: 2, charge: 1000, enabled: false, checked: false, startDate: Sat Jun 13 13:36:54 IST 2015, endDate: Wed Jun 13 00:00:00 IST 2035, paymentNum: 0, nextRecurringChargeDate: null, vpnMode: 0), AuxiliaryServiceSelection(selectionIdentifier: 76, name: prags_multisim, secondaryId: -1, chargingModeType: Monthly, recurrenceInterval: 2, charge: 1000, enabled: false, checked: false, startDate: Sat Jun 13 13:36:54 IST 2015, endDate: Wed Jun 13 00:00:00 IST 2035, paymentNum: 0, nextRecurringChargeDate: null, vpnMode: 0), AuxiliaryServiceSelection(selectionIdentifier: 71, name: test Multi SIM, secondaryId: -1, chargingModeType: Monthly, recurrenceInterval: 2, charge: 1200, enabled: false, checked: false, startDate: Sat Jun 13 13:36:54 IST 2015, endDate: Wed Jun 13 00:00:00 IST 2035, paymentNum: 0, nextRecurringChargeDate: null, vpnMode: 0), AuxiliaryServiceSelection(selectionIdentifier: 72, name: test Multi SIM, secondaryId: -1, chargingModeType: Monthly, recurrenceInterval: 2, charge: 1200, enabled: false, checked: false, startDate: Sat Jun 13 13:36:54 IST 2015, endDate: Wed Jun 13 00:00:00 IST 2035, paymentNum: 0, nextRecurringChargeDate: null, vpnMode: 0), AuxiliaryServiceSelection(selectionIdentifier: 44, name: data_opt-in, secondaryId: -1, chargingModeType: Monthly, recurrenceInterval: 2, charge: 0, enabled: false, checked: false, startDate: Sat Jun 13 13:36:54 IST 2015, endDate: Wed Jun 13 00:00:00 IST 2035, paymentNum: 0, nextRecurringChargeDate: null, vpnMode: 0), AuxiliaryServiceSelection(selectionIdentifier: 75, name: data_opt-in, secondaryId: -1, chargingModeType: Monthly, recurrenceInterval: 2, charge: 0, enabled: false, checked: false, startDate: Sat Jun 13 13:36:54 IST 2015, endDate: Wed Jun 13 00:00:00 IST 2035, paymentNum: 0, nextRecurringChargeDate: null, vpnMode: 0), AuxiliaryServiceSelection(selectionIdentifier: 57, name: promo_non refund, secondaryId: -1, chargingModeType: Monthly, recurrenceInterval: 2, charge: 0, enabled: false, checked: false, startDate: Sat Jun 13 13:36:54 IST 2015, endDate: Wed Jun 13 00:00:00 IST 2035, paymentNum: 0, nextRecurringChargeDate: null, vpnMode: 0), AuxiliaryServiceSelection(selectionIdentifier: 68, name: promo_non refund2, secondaryId: -1, chargingModeType: Monthly, recurrenceInterval: 2, charge: 0, enabled: false, checked: false, startDate: Sat Jun 13 13:36:54 IST 2015, endDate: Wed Jun 13 00:00:00 IST 2035, paymentNum: 0, nextRecurringChargeDate: null, vpnMode: 0), AuxiliaryServiceSelection(selectionIdentifier: 56, name: promo_refund, secondaryId: -1, chargingModeType: Monthly, recurrenceInterval: 2, charge: 0, enabled: false, checked: false, startDate: Sat Jun 13 13:36:54 IST 2015, endDate: Wed Jun 13 00:00:00 IST 2035, paymentNum: 0, nextRecurringChargeDate: null, vpnMode: 0), AuxiliaryServiceSelection(selectionIdentifier: 55, name: TFA white-black-non refund, secondaryId: -1, chargingModeType: Monthly, recurrenceInterval: 2, charge: 0, enabled: false, checked: false, startDate: Sat Jun 13 13:36:54 IST 2015, endDate: Wed Jun 13 00:00:00 IST 2035, paymentNum: 0, nextRecurringChargeDate: null, vpnMode: 0), AuxiliaryServiceSelection(selectionIdentifier: 54, name: TFA white-black-refund, secondaryId: -1, chargingModeType: Monthly, recurrenceInterval: 2, charge: 0, enabled: false, checked: false, startDate: Sat Jun 13 13:36:54 IST 2015, endDate: Wed Jun 13 00:00:00 IST 2035, paymentNum: 0, nextRecurringChargeDate: null, vpnMode: 0)]
2015-06-13 13:36:54,667 [rkadm:http-optimus-z2-9260-2226-SubMenuSubProfileEdit-rkadm] INFO com.redknee.framework.xhome.xdb.LoggingXDB - rkadm, forEach, SELECT * FROM AUXSVCEXTCALLINGGROUP WHERE auxiliaryServiceId =  41 
2015-06-13 13:36:54,669 [rkadm:http-optimus-z2-9260-2226-SubMenuSubProfileEdit-rkadm] INFO com.redknee.framework.xhome.xdb.LoggingXDB - rkadm, forEach, SELECT * FROM AUXSVCEXTCALLINGGROUP WHERE auxiliaryServiceId =  100 
2015-06-13 13:36:54,670 [rkadm:http-optimus-z2-9260-2226-SubMenuSubProfileEdit-rkadm] INFO com.redknee.framework.xhome.xdb.LoggingXDB - rkadm, forEach, SELECT * FROM AUXSVCEXTCALLINGGROUP WHERE auxiliaryServiceId =  101 
2015-06-13 13:36:54,671 [rkadm:http-optimus-z2-9260-2226-SubMenuSubProfileEdit-rkadm] INFO com.redknee.framework.xhome.xdb.LoggingXDB - rkadm, forEach, SELECT * FROM AUXSVCEXTCALLINGGROUP WHERE auxiliaryServiceId =  17 
2015-06-13 13:36:54,701 [rkadm:http-optimus-z2-9260-2226-SubMenuSubProfileEdit-rkadm] DEBUG com.redknee.app.crm.bundle.PointBundlesProxyWebControl - Filtering for loyalty point bundles
2015-06-13 13:36:54,782 [rkadm:http-optimus-z2-9260-2226-SubMenuSubProfileEdit-rkadm] INFO com.redknee.framework.xhome.xdb.LoggingXDB - rkadm, forEach, SELECT * FROM SUBSCRIBERSERVICES WHERE (subscriberId =  ""  and ((provisionedState =  2 )))
2015-06-13 13:36:54,783 [rkadm:http-optimus-z2-9260-2226-SubMenuSubProfileEdit-rkadm] INFO com.redknee.framework.xhome.xdb.LoggingXDB - rkadm, forEach, SELECT * FROM SERVICE WHERE (((Technology =  0  or Technology =  3 )) and spid =  1  and 1 = 2)
2015-06-13 13:36:54,845 [rkadm:http-optimus-z2-9260-2226-SubMenuSubProfileEdit-rkadm] INFO com.redknee.framework.xhome.xdb.LoggingXDB - rkadm, forEach, SELECT * FROM SUBSCRIBERSERVICES WHERE (subscriberId =  ""  and ((provisionedState =  2 )))
2015-06-13 13:36:54,847 [rkadm:http-optimus-z2-9260-2226-SubMenuSubProfileEdit-rkadm] INFO com.redknee.framework.xhome.xdb.LoggingXDB - rkadm, forEach, SELECT * FROM SERVICE WHERE (((Technology =  0  or Technology =  3 )) and spid =  1  and 1 = 2)
2015-06-13 13:37:08,428 [:/EXECUTING(36)=SimpleTaskRunner - sendApplicationHeartbeat] DEBUG com.redknee.framework.application.HostnameSupport - Host mapping for [224.1.1.1] not found. Returning original input.
2015-06-13 13:37:21,734 [rkadm:http-optimus-z2-9260-2226-SubMenuSubProfileEdit-rkadm] INFO com.redknee.app.crm.support.DefaultExtensionSupport - Extension of type com.redknee.app.crm.extension.account.GroupPricePlanExtension not available.  Returning null home key...
2015-06-13 13:37:21,735 [rkadm:http-optimus-z2-9260-2226-SubMenuSubProfileEdit-rkadm] DEBUG com.redknee.app.crm.support.DefaultHomeSupport - Attempting to determine bean count on WhereHome using forEach with CountingVisitor...
2015-06-13 13:37:21,735 [rkadm:http-optimus-z2-9260-2226-SubMenuSubProfileEdit-rkadm] DEBUG com.redknee.app.crm.factory.SubscriberFactory - filling subscription-type to [ +  SubscriptionType(id: 10001, name: Mobile Airtime, description: Mobile Airtime, type: 1)] for Subscriber []
2015-06-13 13:37:21,735 [rkadm:http-optimus-z2-9260-2226-SubMenuSubProfileEdit-rkadm] DEBUG com.redknee.app.crm.support.DefaultHomeSupport - Attempting to determine bean count on WhereHome using forEach with CountingVisitor...
2015-06-13 13:37:21,735 [rkadm:http-optimus-z2-9260-2226-SubMenuSubProfileEdit-rkadm] DEBUG com.redknee.app.crm.factory.SubscriberFactory - filling technology-type to [ +  ANY] for Subscriber []
2015-06-13 13:37:21,736 [rkadm:http-optimus-z2-9260-2226-SubMenuSubProfileEdit-rkadm] MAJOR com.redknee.app.crm.filter.TechnologyLicenseEnumPredicateEvaluator - Failed to find licence for type: NO_TECHNOLOGY
2015-06-13 13:37:21,738 [rkadm:http-optimus-z2-9260-2226-SubMenuSubProfileEdit-rkadm] INFO com.redknee.app.crm.web.control.MsisdnGroupAvailMsisdnWebControl - We do not have any regular msisdns for  [.MSISDN]
2015-06-13 13:37:21,738 [rkadm:http-optimus-z2-9260-2226-SubMenuSubProfileEdit-rkadm] DEBUG com.redknee.app.crm.web.control.MsisdnGroupAvailMsisdnWebControl - AbstractKeyWebControl throws a NPE when msisdn field is null
2015-06-13 13:37:21,738 [rkadm:http-optimus-z2-9260-2226-SubMenuSubProfileEdit-rkadm] DEBUG com.redknee.app.crm.web.control.MsisdnGroupAvailMsisdnWebControl - selected group: 701 selected msisdn: 
2015-06-13 13:37:21,738 [rkadm:http-optimus-z2-9260-2226-SubMenuSubProfileEdit-rkadm] INFO com.redknee.app.crm.web.control.MsisdnGroupAvailMsisdnWebControl - We do not have any regular msisdns for  [.faxMSISDN]
2015-06-13 13:37:21,738 [rkadm:http-optimus-z2-9260-2226-SubMenuSubProfileEdit-rkadm] DEBUG com.redknee.app.crm.web.control.MsisdnGroupAvailMsisdnWebControl - AbstractKeyWebControl throws a NPE when msisdn field is null
2015-06-13 13:37:21,738 [rkadm:http-optimus-z2-9260-2226-SubMenuSubProfileEdit-rkadm] INFO com.redknee.app.crm.web.control.MsisdnGroupAvailMsisdnWebControl - We do not have any regular msisdns for  [.dataMSISDN]
2015-06-13 13:37:21,738 [rkadm:http-optimus-z2-9260-2226-SubMenuSubProfileEdit-rkadm] DEBUG com.redknee.app.crm.web.control.MsisdnGroupAvailMsisdnWebControl - AbstractKeyWebControl throws a NPE when msisdn field is null
2015-06-13 13:37:21,740 [rkadm:http-optimus-z2-9260-2226-SubMenuSubProfileEdit-rkadm] INFO com.redknee.framework.xhome.xdb.LoggingXDB - rkadm, find, SELECT * FROM DEALERCODE WHERE code = "1" AND spid = 1 
2015-06-13 13:37:21,742 [rkadm:http-optimus-z2-9260-2226-SubMenuSubProfileEdit-rkadm] DEBUG com.redknee.app.crm.support.SubscriberSupport - lookupAccount()[findByPrimaryKey] Account BAN: [112101351]
2015-06-13 13:37:21,743 [rkadm:http-optimus-z2-9260-2226-SubMenuSubProfileEdit-rkadm] DEBUG com.redknee.app.crm.web.control.AdaptedAuxiliaryServiceSelectionWebControl - Auxiliary Services for subscriber  are []
2015-06-13 13:37:21,743 [rkadm:http-optimus-z2-9260-2226-SubMenuSubProfileEdit-rkadm] DEBUG com.redknee.app.crm.bundle.PointBundlesProxyWebControl - Filtering for loyalty point bundles
2015-06-13 13:37:21,744 [rkadm:http-optimus-z2-9260-2226-SubMenuSubProfileEdit-rkadm] INFO com.redknee.framework.xhome.xdb.LoggingXDB - rkadm, forEach, SELECT * FROM AUXILIARYSERVICE WHERE (spid IN ( 1 ) and 1 = 2)
2015-06-13 13:37:21,745 [rkadm:http-optimus-z2-9260-2226-SubMenuSubProfileEdit-rkadm] INFO com.redknee.framework.xhome.xdb.LoggingXDB - rkadm, find, SELECT * FROM RESOURCEDEVICEDEFAULTPACKAGE WHERE (packID =  "999888333442"  and packTechnology =  0 )
2015-06-13 13:37:21,748 [rkadm:http-optimus-z2-9260-2226-SubMenuSubProfileEdit-rkadm] MAJOR com.redknee.app.crm.filter.TechnologyLicenseEnumPredicateEvaluator - Failed to find licence for type: NO_TECHNOLOGY
2015-06-13 13:37:21,750 [rkadm:http-optimus-z2-9260-2226-SubMenuSubProfileEdit-rkadm] INFO com.redknee.framework.xhome.xdb.LoggingXDB - rkadm, forEach, SELECT * FROM SERVICEACTIVATIONTEMPLATE WHERE (((Technology =  0  or Technology =  3 )) and spid =  1  and subscriptionClass =  1 )
2015-06-13 13:37:21,751 [rkadm:http-optimus-z2-9260-2226-SubMenuSubProfileEdit-rkadm] INFO com.redknee.framework.xhome.xdb.LoggingXDB - rkadm, forEach, SELECT * FROM ACTIVATIONREASONCODE WHERE spid =  1 
2015-06-13 13:37:21,752 [rkadm:http-optimus-z2-9260-2226-SubMenuSubProfileEdit-rkadm] DEBUG com.redknee.app.crm.support.SubscriberSupport - lookupAccount()[findByPrimaryKey] Account BAN: [112101351]
2015-06-13 13:37:21,753 [rkadm:http-optimus-z2-9260-2226-SubMenuSubProfileEdit-rkadm] INFO com.redknee.framework.xhome.xdb.LoggingXDB - rkadm, forEach, SELECT * FROM MsisdnGroup WHERE (((Technology =  0  or Technology =  3 )) and spid =  1  and technology IN ( 0 , 3 ))
2015-06-13 13:37:21,755 [rkadm:http-optimus-z2-9260-2226-SubMenuSubProfileEdit-rkadm] INFO com.redknee.framework.xhome.xdb.LoggingXDB - rkadm, forEach, SELECT * FROM MSISDN WHERE (((Technology =  0  or Technology =  3 )) and spid =  1  and msisdnGroup =  701  and spid =  1  and subscriberType =  1  and ((state =  0  or (state =  2  and BAN =  "112101351"  and portingType =  0 ))) and  (x:limit(0,20)) )
2015-06-13 13:37:21,757 [rkadm:http-optimus-z2-9260-2226-SubMenuSubProfileEdit-rkadm] INFO com.redknee.framework.xhome.xdb.LoggingXDB - rkadm, find, SELECT * FROM SIMCARD WHERE packId = "999888333442" 
2015-06-13 13:37:21,758 [rkadm:http-optimus-z2-9260-2226-SubMenuSubProfileEdit-rkadm] INFO com.redknee.framework.xhome.xdb.LoggingXDB - rkadm, find, SELECT * FROM DEALERCODE WHERE code = "1" AND spid = 1 
2015-06-13 13:37:21,758 [rkadm:http-optimus-z2-9260-2226-SubMenuSubProfileEdit-rkadm] INFO com.redknee.framework.xhome.xdb.LoggingXDB - rkadm, forEach, SELECT * FROM DEALERCODE WHERE (spid =  1  and ((spid =  -1  or spid =  1 )))
2015-06-13 13:37:21,760 [rkadm:http-optimus-z2-9260-2226-SubMenuSubProfileEdit-rkadm] DEBUG com.redknee.app.crm.support.SubscriberSupport - lookupAccount()[findByPrimaryKey] Account BAN: [112101351]
2015-06-13 13:37:21,765 [:http-optimus-z2-9260-2226-SubMenuSubProfileEdit-rkadm] DEBUG com.redknee.app.crm.support.SubscriberSupport - ... last message [lookupAccount()[findByPrimaryKey] Account BAN: [112101351]] repeated (2) times.
2015-06-13 13:37:21,765 [rkadm:http-optimus-z2-9260-2226-SubMenuSubProfileEdit-rkadm] INFO com.redknee.framework.xhome.xdb.LoggingXDB - rkadm, forEach, SELECT * FROM PRICEPLAN WHERE (((Technology =  0  or Technology =  3 )) and spid =  1  and subscriptionType =  10001 )
2015-06-13 13:37:21,770 [rkadm:http-optimus-z2-9260-2226-SubMenuSubProfileEdit-rkadm] DEBUG com.redknee.app.crm.web.control.CustomizedPricePlanKeyWebControl - Unsupported bean type uses CustomizedPricePlanKeyWebControl
2015-06-13 13:37:21,785 [:http-optimus-z2-9260-2226-SubMenuSubProfileEdit-rkadm] DEBUG com.redknee.app.crm.web.control.CustomizedPricePlanKeyWebControl - ... last message [Unsupported bean type uses CustomizedPricePlanKeyWebControl] repeated (183) times.
2015-06-13 13:37:21,785 [rkadm:http-optimus-z2-9260-2226-SubMenuSubProfileEdit-rkadm] INFO com.redknee.framework.xhome.xdb.LoggingXDB - rkadm, forEach, SELECT * FROM PRICEPLAN WHERE (((Technology =  0  or Technology =  3 )) and spid =  1  and subscriptionType =  10001 )
2015-06-13 13:37:21,789 [rkadm:http-optimus-z2-9260-2226-SubMenuSubProfileEdit-rkadm] DEBUG com.redknee.app.crm.web.control.CustomizedPricePlanKeyWebControl - Unsupported bean type uses CustomizedPricePlanKeyWebControl
2015-06-13 13:37:21,800 [:http-optimus-z2-9260-2226-SubMenuSubProfileEdit-rkadm] DEBUG com.redknee.app.crm.web.control.CustomizedPricePlanKeyWebControl - ... last message [Unsupported bean type uses CustomizedPricePlanKeyWebControl] repeated (183) times.
2015-06-13 13:37:21,800 [rkadm:http-optimus-z2-9260-2226-SubMenuSubProfileEdit-rkadm] DEBUG com.redknee.app.crm.support.SubscriberSupport - lookupAccount()[findByPrimaryKey] Account BAN: [112101351]
2015-06-13 13:37:21,801 [rkadm:http-optimus-z2-9260-2226-SubMenuSubProfileEdit-rkadm] INFO com.redknee.framework.xhome.xdb.LoggingXDB - rkadm, forEach, SELECT * FROM GroupScreeningTemplate WHERE (spid =  1  and identifier =  -1 )
2015-06-13 13:37:21,811 [rkadm:http-optimus-z2-9260-2226-SubMenuSubProfileEdit-rkadm] INFO com.redknee.framework.xhome.xdb.LoggingXDB - rkadm, forEach, SELECT * FROM BundleCategoryAssociation WHERE bundleId =  64 
2015-06-13 13:37:21,827 [:http-optimus-z2-9260-2226-SubMenuSubProfileEdit-rkadm] INFO com.redknee.framework.xhome.xdb.LoggingXDB - ... last message [rkadm, forEach, SELECT * FROM BundleCategoryAssociation WHERE bundleId =  64 ] repeated (3) times.
2015-06-13 13:37:21,827 [rkadm:http-optimus-z2-9260-2226-SubMenuSubProfileEdit-rkadm] DEBUG com.redknee.app.crm.web.control.AdaptedAuxiliaryServiceSelectionWebControl - Associations inside getSelectableAuxiliaryServices = []
2015-06-13 13:37:21,830 [rkadm:http-optimus-z2-9260-2226-SubMenuSubProfileEdit-rkadm] INFO com.redknee.framework.xhome.xdb.LoggingXDB - rkadm, forEach, SELECT * FROM AUXSVCEXTCALLINGGROUP WHERE auxiliaryServiceId =  38 
2015-06-13 13:37:21,831 [rkadm:http-optimus-z2-9260-2226-SubMenuSubProfileEdit-rkadm] INFO com.redknee.framework.xhome.xdb.LoggingXDB - rkadm, forEach, SELECT * FROM AUXSVCEXTCALLINGGROUP WHERE auxiliaryServiceId =  87 
2015-06-13 13:37:21,832 [rkadm:http-optimus-z2-9260-2226-SubMenuSubProfileEdit-rkadm] INFO com.redknee.framework.xhome.xdb.LoggingXDB - rkadm, forEach, SELECT * FROM AUXSVCEXTCALLINGGROUP WHERE auxiliaryServiceId =  42 
2015-06-13 13:37:21,833 [rkadm:http-optimus-z2-9260-2226-SubMenuSubProfileEdit-rkadm] INFO com.redknee.framework.xhome.xdb.LoggingXDB - rkadm, forEach, SELECT * FROM AUXSVCEXTCALLINGGROUP WHERE auxiliaryServiceId =  15 
2015-06-13 13:37:21,834 [rkadm:http-optimus-z2-9260-2226-SubMenuSubProfileEdit-rkadm] INFO com.redknee.framework.xhome.xdb.LoggingXDB - rkadm, forEach, SELECT * FROM AUXSVCEXTCALLINGGROUP WHERE auxiliaryServiceId =  41 
2015-06-13 13:37:21,835 [rkadm:http-optimus-z2-9260-2226-SubMenuSubProfileEdit-rkadm] INFO com.redknee.framework.xhome.xdb.LoggingXDB - rkadm, forEach, SELECT * FROM AUXSVCEXTCALLINGGROUP WHERE auxiliaryServiceId =  24 
2015-06-13 13:37:21,836 [rkadm:http-optimus-z2-9260-2226-SubMenuSubProfileEdit-rkadm] INFO com.redknee.framework.xhome.xdb.LoggingXDB - rkadm, forEach, SELECT * FROM AUXSVCEXTCALLINGGROUP WHERE auxiliaryServiceId =  25 
2015-06-13 13:37:21,837 [rkadm:http-optimus-z2-9260-2226-SubMenuSubProfileEdit-rkadm] INFO com.redknee.framework.xhome.xdb.LoggingXDB - rkadm, forEach, SELECT * FROM AUXSVCEXTCALLINGGROUP WHERE auxiliaryServiceId =  27 
2015-06-13 13:37:21,837 [rkadm:http-optimus-z2-9260-2226-SubMenuSubProfileEdit-rkadm] INFO com.redknee.framework.xhome.xdb.LoggingXDB - rkadm, forEach, SELECT * FROM AUXSVCEXTCALLINGGROUP WHERE auxiliaryServiceId =  2 
2015-06-13 13:37:21,838 [rkadm:http-optimus-z2-9260-2226-SubMenuSubProfileEdit-rkadm] INFO com.redknee.framework.xhome.xdb.LoggingXDB - rkadm, forEach, SELECT * FROM AUXSVCEXTCALLINGGROUP WHERE auxiliaryServiceId =  37 
2015-06-13 13:37:21,839 [rkadm:http-optimus-z2-9260-2226-SubMenuSubProfileEdit-rkadm] INFO com.redknee.framework.xhome.xdb.LoggingXDB - rkadm, forEach, SELECT * FROM AUXSVCEXTCALLINGGROUP WHERE auxiliaryServiceId =  12 
2015-06-13 13:37:21,840 [rkadm:http-optimus-z2-9260-2226-SubMenuSubProfileEdit-rkadm] INFO com.redknee.framework.xhome.xdb.LoggingXDB - rkadm, forEach, SELECT * FROM AUXSVCEXTCALLINGGROUP WHERE auxiliaryServiceId =  14 
2015-06-13 13:37:21,841 [rkadm:http-optimus-z2-9260-2226-SubMenuSubProfileEdit-rkadm] INFO com.redknee.framework.xhome.xdb.LoggingXDB - rkadm, forEach, SELECT * FROM AUXSVCEXTCALLINGGROUP WHERE auxiliaryServiceId =  81 
2015-06-13 13:37:21,842 [rkadm:http-optimus-z2-9260-2226-SubMenuSubProfileEdit-rkadm] INFO com.redknee.framework.xhome.xdb.LoggingXDB - rkadm, forEach, SELECT * FROM AUXSVCEXTCALLINGGROUP WHERE auxiliaryServiceId =  82 
2015-06-13 13:37:21,842 [rkadm:http-optimus-z2-9260-2226-SubMenuSubProfileEdit-rkadm] INFO com.redknee.framework.xhome.xdb.LoggingXDB - rkadm, forEach, SELECT * FROM AUXSVCEXTCALLINGGROUP WHERE auxiliaryServiceId =  17 
2015-06-13 13:37:21,843 [rkadm:http-optimus-z2-9260-2226-SubMenuSubProfileEdit-rkadm] INFO com.redknee.framework.xhome.xdb.LoggingXDB - rkadm, forEach, SELECT * FROM AUXSVCEXTCALLINGGROUP WHERE auxiliaryServiceId =  13 
2015-06-13 13:37:21,844 [rkadm:http-optimus-z2-9260-2226-SubMenuSubProfileEdit-rkadm] INFO com.redknee.framework.xhome.xdb.LoggingXDB - rkadm, forEach, SELECT * FROM AUXSVCEXTCALLINGGROUP WHERE auxiliaryServiceId =  98 
2015-06-13 13:37:21,845 [rkadm:http-optimus-z2-9260-2226-SubMenuSubProfileEdit-rkadm] INFO com.redknee.framework.xhome.xdb.LoggingXDB - rkadm, forEach, SELECT * FROM AUXSVCEXTCALLINGGROUP WHERE auxiliaryServiceId =  100 
2015-06-13 13:37:21,846 [rkadm:http-optimus-z2-9260-2226-SubMenuSubProfileEdit-rkadm] INFO com.redknee.framework.xhome.xdb.LoggingXDB - rkadm, forEach, SELECT * FROM AUXSVCEXTCALLINGGROUP WHERE auxiliaryServiceId =  101 
2015-06-13 13:37:21,847 [rkadm:http-optimus-z2-9260-2226-SubMenuSubProfileEdit-rkadm] INFO com.redknee.framework.xhome.xdb.LoggingXDB - rkadm, forEach, SELECT * FROM AUXSVCEXTCALLINGGROUP WHERE auxiliaryServiceId =  20 
2015-06-13 13:37:21,847 [rkadm:http-optimus-z2-9260-2226-SubMenuSubProfileEdit-rkadm] INFO com.redknee.framework.xhome.xdb.LoggingXDB - rkadm, forEach, SELECT * FROM AUXSVCEXTCALLINGGROUP WHERE auxiliaryServiceId =  7 
2015-06-13 13:37:21,848 [rkadm:http-optimus-z2-9260-2226-SubMenuSubProfileEdit-rkadm] INFO com.redknee.framework.xhome.xdb.LoggingXDB - rkadm, forEach, SELECT * FROM AUXSVCEXTCALLINGGROUP WHERE auxiliaryServiceId =  10 
2015-06-13 13:37:21,849 [rkadm:http-optimus-z2-9260-2226-SubMenuSubProfileEdit-rkadm] INFO com.redknee.framework.xhome.xdb.LoggingXDB - rkadm, forEach, SELECT * FROM AUXSVCEXTCALLINGGROUP WHERE auxiliaryServiceId =  19 
2015-06-13 13:37:21,850 [rkadm:http-optimus-z2-9260-2226-SubMenuSubProfileEdit-rkadm] INFO com.redknee.framework.xhome.xdb.LoggingXDB - rkadm, forEach, SELECT * FROM AUXSVCEXTCALLINGGROUP WHERE auxiliaryServiceId =  40 
2015-06-13 13:37:21,851 [rkadm:http-optimus-z2-9260-2226-SubMenuSubProfileEdit-rkadm] INFO com.redknee.framework.xhome.xdb.LoggingXDB - rkadm, forEach, SELECT * FROM AUXSVCEXTCALLINGGROUP WHERE auxiliaryServiceId =  21 
2015-06-13 13:37:21,851 [rkadm:http-optimus-z2-9260-2226-SubMenuSubProfileEdit-rkadm] INFO com.redknee.framework.xhome.xdb.LoggingXDB - rkadm, forEach, SELECT * FROM AUXSVCEXTCALLINGGROUP WHERE auxiliaryServiceId =  29 
2015-06-13 13:37:21,852 [rkadm:http-optimus-z2-9260-2226-SubMenuSubProfileEdit-rkadm] INFO com.redknee.framework.xhome.xdb.LoggingXDB - rkadm, forEach, SELECT * FROM AUXSVCEXTCALLINGGROUP WHERE auxiliaryServiceId =  30 
2015-06-13 13:37:21,853 [rkadm:http-optimus-z2-9260-2226-SubMenuSubProfileEdit-rkadm] INFO com.redknee.framework.xhome.xdb.LoggingXDB - rkadm, forEach, SELECT * FROM AUXSVCEXTCALLINGGROUP WHERE auxiliaryServiceId =  31 
2015-06-13 13:37:21,861 [rkadm:http-optimus-z2-9260-2226-SubMenuSubProfileEdit-rkadm] INFO com.redknee.framework.xhome.xdb.LoggingXDB - rkadm, forEach, SELECT * FROM AUXILIARYSERVICE WHERE (((Technology =  0  or Technology =  3 )) and spid =  1  and spid =  1  and state <>  2  and TYPE <>  6  and  (x:orderBy(TYPE ASC,name ASC,identifier ASC)) )
2015-06-13 13:37:21,867 [rkadm:http-optimus-z2-9260-2226-SubMenuSubProfileEdit-rkadm] DEBUG com.redknee.app.crm.web.control.AdaptedAuxiliaryServiceSelectionWebControl - Selectable auxiliary services for subscriber  are [AuxiliaryServiceSelection(selectionIdentifier: 41, name: HBD, secondaryId: -1, chargingModeType: Monthly, recurrenceInterval: 1, charge: 1000000, enabled: false, checked: false, startDate: Sat Jun 13 13:37:21 IST 2015, endDate: Wed Jun 13 00:00:00 IST 2035, paymentNum: 0, nextRecurringChargeDate: null, vpnMode: 0), AuxiliaryServiceSelection(selectionIdentifier: 100, name: Tarun_PLP, secondaryId: -1, chargingModeType: Monthly, recurrenceInterval: 1, charge: 0, enabled: false, checked: false, startDate: Sat Jun 13 13:37:21 IST 2015, endDate: Wed Jun 13 00:00:00 IST 2035, paymentNum: 0, nextRecurringChargeDate: null, vpnMode: 0), AuxiliaryServiceSelection(selectionIdentifier: 101, name: Tarun_PLP_1, secondaryId: -1, chargingModeType: Monthly, recurrenceInterval: 1, charge: 0, enabled: false, checked: false, startDate: Sat Jun 13 13:37:21 IST 2015, endDate: Wed Jun 13 00:00:00 IST 2035, paymentNum: 0, nextRecurringChargeDate: null, vpnMode: 0), AuxiliaryServiceSelection(selectionIdentifier: 17, name: pragya_BP, secondaryId: -1, chargingModeType: Monthly, recurrenceInterval: 1, charge: 0, enabled: false, checked: false, startDate: Sat Jun 13 13:37:21 IST 2015, endDate: Wed Jun 13 00:00:00 IST 2035, paymentNum: 0, nextRecurringChargeDate: null, vpnMode: 0), AuxiliaryServiceSelection(selectionIdentifier: 88, name: 14120856002-TT-AUX-SERVICE, secondaryId: -1, chargingModeType: Multi-Monthly, recurrenceInterval: 2, charge: 0, enabled: false, checked: false, startDate: Sat Jun 13 13:37:21 IST 2015, endDate: Wed Jun 13 00:00:00 IST 2035, paymentNum: 0, nextRecurringChargeDate: null, vpnMode: 0), AuxiliaryServiceSelection(selectionIdentifier: 89, name: 14120856002-TT-AUX-SERVICE-2, secondaryId: -1, chargingModeType: Multi-Monthly, recurrenceInterval: 2, charge: 0, enabled: false, checked: false, startDate: Sat Jun 13 13:37:21 IST 2015, endDate: Wed Jun 13 00:00:00 IST 2035, paymentNum: 0, nextRecurringChargeDate: null, vpnMode: 0), AuxiliaryServiceSelection(selectionIdentifier: 90, name: 14120856002-TT-AUX-SERVICE-2, secondaryId: -1, chargingModeType: Multi-Monthly, recurrenceInterval: 2, charge: 0, enabled: false, checked: false, startDate: Sat Jun 13 13:37:21 IST 2015, endDate: Wed Jun 13 00:00:00 IST 2035, paymentNum: 0, nextRecurringChargeDate: null, vpnMode: 0), AuxiliaryServiceSelection(selectionIdentifier: 91, name: 14120856002-TT-AUX-SERVICE-3, secondaryId: -1, chargingModeType: Multi-Monthly, recurrenceInterval: 2, charge: 0, enabled: false, checked: false, startDate: Sat Jun 13 13:37:21 IST 2015, endDate: Wed Jun 13 00:00:00 IST 2035, paymentNum: 0, nextRecurringChargeDate: null, vpnMode: 0), AuxiliaryServiceSelection(selectionIdentifier: 92, name: 14120856002-TT-AUX-SERVICE-3, secondaryId: -1, chargingModeType: Multi-Monthly, recurrenceInterval: 2, charge: 100, enabled: false, checked: false, startDate: Sat Jun 13 13:37:21 IST 2015, endDate: Wed Jun 13 00:00:00 IST 2035, paymentNum: 0, nextRecurringChargeDate: null, vpnMode: 0), AuxiliaryServiceSelection(selectionIdentifier: 45, name: BasicAux, secondaryId: -1, chargingModeType: Monthly, recurrenceInterval: 2, charge: 200, enabled: false, checked: false, startDate: Sat Jun 13 13:37:21 IST 2015, endDate: Wed Jun 13 00:00:00 IST 2035, paymentNum: 0, nextRecurringChargeDate: null, vpnMode: 0), AuxiliaryServiceSelection(selectionIdentifier: 46, name: BasicAuxNonRefundable, secondaryId: -1, chargingModeType: Monthly, recurrenceInterval: 2, charge: 200, enabled: false, checked: false, startDate: Sat Jun 13 13:37:21 IST 2015, endDate: Wed Jun 13 00:00:00 IST 2035, paymentNum: 0, nextRecurringChargeDate: null, vpnMode: 0), AuxiliaryServiceSelection(selectionIdentifier: 32, name: MonthlyAux, secondaryId: -1, chargingModeType: Monthly, recurrenceInterval: 2, charge: 2000, enabled: false, checked: false, startDate: Sat Jun 13 13:37:21 IST 2015, endDate: Wed Jun 13 00:00:00 IST 2035, paymentNum: 0, nextRecurringChargeDate: null, vpnMode: 0), AuxiliaryServiceSelection(selectionIdentifier: 33, name: MonthlyAuxFull, secondaryId: -1, chargingModeType: Monthly, recurrenceInterval: 2, charge: 0, enabled: false, checked: false, startDate: Sat Jun 13 13:37:21 IST 2015, endDate: Wed Jun 13 00:00:00 IST 2035, paymentNum: 0, nextRecurringChargeDate: null, vpnMode: 0), AuxiliaryServiceSelection(selectionIdentifier: 36, name: MonthlyAuxFull, secondaryId: -1, chargingModeType: Monthly, recurrenceInterval: 2, charge: 0, enabled: false, checked: false, startDate: Sat Jun 13 13:37:21 IST 2015, endDate: Wed Jun 13 00:00:00 IST 2035, paymentNum: 0, nextRecurringChargeDate: null, vpnMode: 0), AuxiliaryServiceSelection(selectionIdentifier: 26, name: OneTime, secondaryId: -1, chargingModeType: One time, recurrenceInterval: 0, charge: 200000, enabled: false, checked: false, startDate: Sat Jun 13 13:37:21 IST 2015, endDate: Sun Jun 14 00:00:00 IST 2015, paymentNum: 0, nextRecurringChargeDate: null, vpnMode: 0), AuxiliaryServiceSelection(selectionIdentifier: 39, name: OneTime - One off fixed date, secondaryId: -1, chargingModeType: One time, recurrenceInterval: 0, charge: 100000, enabled: false, checked: false, startDate: Sat Jun 13 13:37:21 IST 2015, endDate: Tue Nov 25 14:12:12 IST 2014, paymentNum: 0, nextRecurringChargeDate: null, vpnMode: 0), AuxiliaryServiceSelection(selectionIdentifier: 3, name: TestAux, secondaryId: -1, chargingModeType: Monthly, recurrenceInterval: 2, charge: 1000, enabled: false, checked: false, startDate: Sat Jun 13 13:37:21 IST 2015, endDate: Wed Jun 13 00:00:00 IST 2035, paymentNum: 0, nextRecurringChargeDate: null, vpnMode: 0), AuxiliaryServiceSelection(selectionIdentifier: 74, name: TestAux_non-refund, secondaryId: -1, chargingModeType: Monthly, recurrenceInterval: 2, charge: 1000, enabled: false, checked: false, startDate: Sat Jun 13 13:37:21 IST 2015, endDate: Wed Jun 13 00:00:00 IST 2035, paymentNum: 0, nextRecurringChargeDate: null, vpnMode: 0), AuxiliaryServiceSelection(selectionIdentifier: 86, name: dailyVoice, secondaryId: -1, chargingModeType: Daily, recurrenceInterval: 2, charge: 200000, enabled: false, checked: false, startDate: Sat Jun 13 13:37:21 IST 2015, endDate: Wed Jun 13 00:00:00 IST 2035, paymentNum: 0, nextRecurringChargeDate: null, vpnMode: 0), AuxiliaryServiceSelection(selectionIdentifier: 22, name: jk, secondaryId: -1, chargingModeType: Monthly, recurrenceInterval: 2, charge: 0, enabled: false, checked: false, startDate: Sat Jun 13 13:37:21 IST 2015, endDate: Wed Jun 13 00:00:00 IST 2035, paymentNum: 0, nextRecurringChargeDate: null, vpnMode: 0), AuxiliaryServiceSelection(selectionIdentifier: 28, name: jk, secondaryId: -1, chargingModeType: Monthly, recurrenceInterval: 2, charge: 0, enabled: false, checked: false, startDate: Sat Jun 13 13:37:21 IST 2015, endDate: Wed Jun 13 00:00:00 IST 2035, paymentNum: 0, nextRecurringChargeDate: null, vpnMode: 0), AuxiliaryServiceSelection(selectionIdentifier: 95, name: mm2months, secondaryId: -1, chargingModeType: Monthly, recurrenceInterval: 2, charge: 0, enabled: false, checked: false, startDate: Sat Jun 13 13:37:21 IST 2015, endDate: Wed Jun 13 00:00:00 IST 2035, paymentNum: 0, nextRecurringChargeDate: null, vpnMode: 0), AuxiliaryServiceSelection(selectionIdentifier: 96, name: mm2months, secondaryId: -1, chargingModeType: Multi-Monthly, recurrenceInterval: 2, charge: 200, enabled: false, checked: false, startDate: Sat Jun 13 13:37:21 IST 2015, endDate: Wed Jun 13 00:00:00 IST 2035, paymentNum: 0, nextRecurringChargeDate: null, vpnMode: 0), AuxiliaryServiceSelection(selectionIdentifier: 97, name: mm3months, secondaryId: -1, chargingModeType: Multi-Monthly, recurrenceInterval: 3, charge: 300, enabled: false, checked: false, startDate: Sat Jun 13 13:37:21 IST 2015, endDate: Wed Jun 13 00:00:00 IST 2035, paymentNum: 0, nextRecurringChargeDate: null, vpnMode: 0), AuxiliaryServiceSelection(selectionIdentifier: 34, name: monthlyFULLrefundable, secondaryId: -1, chargingModeType: Monthly, recurrenceInterval: 2, charge: 0, enabled: false, checked: false, startDate: Sat Jun 13 13:37:21 IST 2015, endDate: Wed Jun 13 00:00:00 IST 2035, paymentNum: 0, nextRecurringChargeDate: null, vpnMode: 0), AuxiliaryServiceSelection(selectionIdentifier: 35, name: monthlyRefundable, secondaryId: -1, chargingModeType: Monthly, recurrenceInterval: 2, charge: 200, enabled: false, checked: false, startDate: Sat Jun 13 13:37:21 IST 2015, endDate: Wed Jun 13 00:00:00 IST 2035, paymentNum: 0, nextRecurringChargeDate: null, vpnMode: 0), AuxiliaryServiceSelection(selectionIdentifier: 43, name: pragya_BP1, secondaryId: -1, chargingModeType: Monthly, recurrenceInterval: 2, charge: 0, enabled: false, checked: false, startDate: Sat Jun 13 13:37:21 IST 2015, endDate: Wed Jun 13 00:00:00 IST 2035, paymentNum: 0, nextRecurringChargeDate: null, vpnMode: 0), AuxiliaryServiceSelection(selectionIdentifier: 99, name: testOnetime, secondaryId: -1, chargingModeType: One time, recurrenceInterval: 0, charge: 1000, enabled: false, checked: false, startDate: Sat Jun 13 13:37:21 IST 2015, endDate: Mon Jul 13 00:00:00 IST 2015, paymentNum: 0, nextRecurringChargeDate: null, vpnMode: 0), AuxiliaryServiceSelection(selectionIdentifier: 93, name: testPanga, secondaryId: -1, chargingModeType: Daily, recurrenceInterval: 2, charge: 1000, enabled: false, checked: false, startDate: Sat Jun 13 13:37:21 IST 2015, endDate: Wed Jun 13 00:00:00 IST 2035, paymentNum: 0, nextRecurringChargeDate: null, vpnMode: 0), AuxiliaryServiceSelection(selectionIdentifier: 94, name: TicketAuxService, secondaryId: -1, chargingModeType: Monthly, recurrenceInterval: 2, charge: 200, enabled: false, checked: false, startDate: Sat Jun 13 13:37:21 IST 2015, endDate: Wed Jun 13 00:00:00 IST 2035, paymentNum: 0, nextRecurringChargeDate: null, vpnMode: 0), AuxiliaryServiceSelection(selectionIdentifier: 47, name: provisionableAux, secondaryId: -1, chargingModeType: Monthly, recurrenceInterval: 2, charge: 200, enabled: false, checked: false, startDate: Sat Jun 13 13:37:21 IST 2015, endDate: Wed Jun 13 00:00:00 IST 2035, paymentNum: 0, nextRecurringChargeDate: null, vpnMode: 0), AuxiliaryServiceSelection(selectionIdentifier: 48, name: provisionableAuxNonRefundable, secondaryId: -1, chargingModeType: Monthly, recurrenceInterval: 2, charge: 200, enabled: false, checked: false, startDate: Sat Jun 13 13:37:21 IST 2015, endDate: Wed Jun 13 00:00:00 IST 2035, paymentNum: 0, nextRecurringChargeDate: null, vpnMode: 0), AuxiliaryServiceSelection(selectionIdentifier: 85, name: provisionableUnprovisioning, secondaryId: -1, chargingModeType: Monthly, recurrenceInterval: 2, charge: 0, enabled: false, checked: false, startDate: Sat Jun 13 13:37:21 IST 2015, endDate: Wed Jun 13 00:00:00 IST 2035, paymentNum: 0, nextRecurringChargeDate: null, vpnMode: 0), AuxiliaryServiceSelection(selectionIdentifier: 5, name: testAux3, secondaryId: -1, chargingModeType: Monthly, recurrenceInterval: 30, charge: 200, enabled: false, checked: false, startDate: Sat Jun 13 13:37:21 IST 2015, endDate: Wed Jun 13 00:00:00 IST 2035, paymentNum: 0, nextRecurringChargeDate: null, vpnMode: 0), AuxiliaryServiceSelection(selectionIdentifier: 63, name: voivemail_non refund, secondaryId: -1, chargingModeType: Monthly, recurrenceInterval: 2, charge: 0, enabled: false, checked: false, startDate: Sat Jun 13 13:37:21 IST 2015, endDate: Wed Jun 13 00:00:00 IST 2035, paymentNum: 0, nextRecurringChargeDate: null, vpnMode: 0), AuxiliaryServiceSelection(selectionIdentifier: 62, name: voivemail_refund, secondaryId: -1, chargingModeType: Monthly, recurrenceInterval: 2, charge: 0, enabled: false, checked: false, startDate: Sat Jun 13 13:37:21 IST 2015, endDate: Wed Jun 13 00:00:00 IST 2035, paymentNum: 0, nextRecurringChargeDate: null, vpnMode: 0), AuxiliaryServiceSelection(selectionIdentifier: 11, name: Protei PRBT Service, secondaryId: -1, chargingModeType: Monthly, recurrenceInterval: 2, charge: 0, enabled: false, checked: false, startDate: Sat Jun 13 13:37:21 IST 2015, endDate: Wed Jun 13 00:00:00 IST 2035, paymentNum: 0, nextRecurringChargeDate: null, vpnMode: 0), AuxiliaryServiceSelection(selectionIdentifier: 79, name: Protei PRBT Service-non-refund, secondaryId: -1, chargingModeType: Monthly, recurrenceInterval: 2, charge: 0, enabled: false, checked: false, startDate: Sat Jun 13 13:37:21 IST 2015, endDate: Wed Jun 13 00:00:00 IST 2035, paymentNum: 0, nextRecurringChargeDate: null, vpnMode: 0), AuxiliaryServiceSelection(selectionIdentifier: 69, name: BoltNew, secondaryId: -1, chargingModeType: Monthly, recurrenceInterval: 2, charge: 0, enabled: false, checked: false, startDate: Sat Jun 13 13:37:21 IST 2015, endDate: Wed Jun 13 00:00:00 IST 2035, paymentNum: 0, nextRecurringChargeDate: null, vpnMode: 0), AuxiliaryServiceSelection(selectionIdentifier: 70, name: BoltNonRefundable, secondaryId: -1, chargingModeType: Monthly, recurrenceInterval: 2, charge: 200, enabled: false, checked: false, startDate: Sat Jun 13 13:37:21 IST 2015, endDate: Wed Jun 13 00:00:00 IST 2035, paymentNum: 0, nextRecurringChargeDate: null, vpnMode: 0), AuxiliaryServiceSelection(selectionIdentifier: 60, name: bolt-on-non refund, secondaryId: -1, chargingModeType: Monthly, recurrenceInterval: 2, charge: 0, enabled: false, checked: false, startDate: Sat Jun 13 13:37:21 IST 2015, endDate: Wed Jun 13 00:00:00 IST 2035, paymentNum: 0, nextRecurringChargeDate: null, vpnMode: 0), AuxiliaryServiceSelection(selectionIdentifier: 59, name: bolt-on-refund, secondaryId: -1, chargingModeType: Monthly, recurrenceInterval: 2, charge: 0, enabled: false, checked: false, startDate: Sat Jun 13 13:37:21 IST 2015, endDate: Wed Jun 13 00:00:00 IST 2035, paymentNum: 0, nextRecurringChargeDate: null, vpnMode: 0), AuxiliaryServiceSelection(selectionIdentifier: 58, name: discount, secondaryId: -1, chargingModeType: Monthly, recurrenceInterval: 2, charge: 0, enabled: false, checked: false, startDate: Sat Jun 13 13:37:21 IST 2015, endDate: Wed Jun 13 00:00:00 IST 2035, paymentNum: 0, nextRecurringChargeDate: null, vpnMode: 0), AuxiliaryServiceSelection(selectionIdentifier: 6, name: discountTest, secondaryId: -1, chargingModeType: Monthly, recurrenceInterval: 2, charge: 0, enabled: false, checked: false, startDate: Sat Jun 13 13:37:21 IST 2015, endDate: Wed Jun 13 00:00:00 IST 2035, paymentNum: 0, nextRecurringChargeDate: null, vpnMode: 0), AuxiliaryServiceSelection(selectionIdentifier: 77, name: PRBT supp_refund, secondaryId: -1, chargingModeType: Monthly, recurrenceInterval: 2, charge: 0, enabled: false, checked: false, startDate: Sat Jun 13 13:37:21 IST 2015, endDate: Wed Jun 13 00:00:00 IST 2035, paymentNum: 0, nextRecurringChargeDate: null, vpnMode: 0), AuxiliaryServiceSelection(selectionIdentifier: 78, name: PRBT supp_refund, secondaryId: -1, chargingModeType: Monthly, recurrenceInterval: 2, charge: 0, enabled: false, checked: false, startDate: Sat Jun 13 13:37:21 IST 2015, endDate: Wed Jun 13 00:00:00 IST 2035, paymentNum: 0, nextRecurringChargeDate: null, vpnMode: 0), AuxiliaryServiceSelection(selectionIdentifier: 16, name: Multi SIM, secondaryId: -1, chargingModeType: Monthly, recurrenceInterval: 2, charge: 0, enabled: false, checked: false, startDate: Sat Jun 13 13:37:21 IST 2015, endDate: Wed Jun 13 00:00:00 IST 2035, paymentNum: 0, nextRecurringChargeDate: null, vpnMode: 0), AuxiliaryServiceSelection(selectionIdentifier: 73, name: MultiSim_alp, secondaryId: -1, chargingModeType: Monthly, recurrenceInterval: 2, charge: 0, enabled: false, checked: false, startDate: Sat Jun 13 13:37:21 IST 2015, endDate: Wed Jun 13 00:00:00 IST 2035, paymentNum: 0, nextRecurringChargeDate: null, vpnMode: 0), AuxiliaryServiceSelection(selectionIdentifier: 83, name: multi-sim_tt, secondaryId: -1, chargingModeType: Monthly, recurrenceInterval: 2, charge: 1000000, enabled: false, checked: false, startDate: Sat Jun 13 13:37:21 IST 2015, endDate: Wed Jun 13 00:00:00 IST 2035, paymentNum: 0, nextRecurringChargeDate: null, vpnMode: 0), AuxiliaryServiceSelection(selectionIdentifier: 84, name: multisin_flag_enabled, secondaryId: -1, chargingModeType: Monthly, recurrenceInterval: 2, charge: 1000000, enabled: false, checked: false, startDate: Sat Jun 13 13:37:21 IST 2015, endDate: Wed Jun 13 00:00:00 IST 2035, paymentNum: 0, nextRecurringChargeDate: null, vpnMode: 0), AuxiliaryServiceSelection(selectionIdentifier: 18, name: prags_multisim, secondaryId: -1, chargingModeType: Monthly, recurrenceInterval: 2, charge: 1000, enabled: false, checked: false, startDate: Sat Jun 13 13:37:21 IST 2015, endDate: Wed Jun 13 00:00:00 IST 2035, paymentNum: 0, nextRecurringChargeDate: null, vpnMode: 0), AuxiliaryServiceSelection(selectionIdentifier: 76, name: prags_multisim, secondaryId: -1, chargingModeType: Monthly, recurrenceInterval: 2, charge: 1000, enabled: false, checked: false, startDate: Sat Jun 13 13:37:21 IST 2015, endDate: Wed Jun 13 00:00:00 IST 2035, paymentNum: 0, nextRecurringChargeDate: null, vpnMode: 0), AuxiliaryServiceSelection(selectionIdentifier: 71, name: test Multi SIM, secondaryId: -1, chargingModeType: Monthly, recurrenceInterval: 2, charge: 1200, enabled: false, checked: false, startDate: Sat Jun 13 13:37:21 IST 2015, endDate: Wed Jun 13 00:00:00 IST 2035, paymentNum: 0, nextRecurringChargeDate: null, vpnMode: 0), AuxiliaryServiceSelection(selectionIdentifier: 72, name: test Multi SIM, secondaryId: -1, chargingModeType: Monthly, recurrenceInterval: 2, charge: 1200, enabled: false, checked: false, startDate: Sat Jun 13 13:37:21 IST 2015, endDate: Wed Jun 13 00:00:00 IST 2035, paymentNum: 0, nextRecurringChargeDate: null, vpnMode: 0), AuxiliaryServiceSelection(selectionIdentifier: 44, name: data_opt-in, secondaryId: -1, chargingModeType: Monthly, recurrenceInterval: 2, charge: 0, enabled: false, checked: false, startDate: Sat Jun 13 13:37:21 IST 2015, endDate: Wed Jun 13 00:00:00 IST 2035, paymentNum: 0, nextRecurringChargeDate: null, vpnMode: 0), AuxiliaryServiceSelection(selectionIdentifier: 75, name: data_opt-in, secondaryId: -1, chargingModeType: Monthly, recurrenceInterval: 2, charge: 0, enabled: false, checked: false, startDate: Sat Jun 13 13:37:21 IST 2015, endDate: Wed Jun 13 00:00:00 IST 2035, paymentNum: 0, nextRecurringChargeDate: null, vpnMode: 0), AuxiliaryServiceSelection(selectionIdentifier: 57, name: promo_non refund, secondaryId: -1, chargingModeType: Monthly, recurrenceInterval: 2, charge: 0, enabled: false, checked: false, startDate: Sat Jun 13 13:37:21 IST 2015, endDate: Wed Jun 13 00:00:00 IST 2035, paymentNum: 0, nextRecurringChargeDate: null, vpnMode: 0), AuxiliaryServiceSelection(selectionIdentifier: 68, name: promo_non refund2, secondaryId: -1, chargingModeType: Monthly, recurrenceInterval: 2, charge: 0, enabled: false, checked: false, startDate: Sat Jun 13 13:37:21 IST 2015, endDate: Wed Jun 13 00:00:00 IST 2035, paymentNum: 0, nextRecurringChargeDate: null, vpnMode: 0), AuxiliaryServiceSelection(selectionIdentifier: 56, name: promo_refund, secondaryId: -1, chargingModeType: Monthly, recurrenceInterval: 2, charge: 0, enabled: false, checked: false, startDate: Sat Jun 13 13:37:21 IST 2015, endDate: Wed Jun 13 00:00:00 IST 2035, paymentNum: 0, nextRecurringChargeDate: null, vpnMode: 0), AuxiliaryServiceSelection(selectionIdentifier: 55, name: TFA white-black-non refund, secondaryId: -1, chargingModeType: Monthly, recurrenceInterval: 2, charge: 0, enabled: false, checked: false, startDate: Sat Jun 13 13:37:21 IST 2015, endDate: Wed Jun 13 00:00:00 IST 2035, paymentNum: 0, nextRecurringChargeDate: null, vpnMode: 0), AuxiliaryServiceSelection(selectionIdentifier: 54, name: TFA white-black-refund, secondaryId: -1, chargingModeType: Monthly, recurrenceInterval: 2, charge: 0, enabled: false, checked: false, startDate: Sat Jun 13 13:37:21 IST 2015, endDate: Wed Jun 13 00:00:00 IST 2035, paymentNum: 0, nextRecurringChargeDate: null, vpnMode: 0)]
2015-06-13 13:37:21,869 [rkadm:http-optimus-z2-9260-2226-SubMenuSubProfileEdit-rkadm] INFO com.redknee.framework.xhome.xdb.LoggingXDB - rkadm, forEach, SELECT * FROM AUXSVCEXTCALLINGGROUP WHERE auxiliaryServiceId =  41 
2015-06-13 13:37:21,870 [rkadm:http-optimus-z2-9260-2226-SubMenuSubProfileEdit-rkadm] INFO com.redknee.framework.xhome.xdb.LoggingXDB - rkadm, forEach, SELECT * FROM AUXSVCEXTCALLINGGROUP WHERE auxiliaryServiceId =  100 
2015-06-13 13:37:21,872 [rkadm:http-optimus-z2-9260-2226-SubMenuSubProfileEdit-rkadm] INFO com.redknee.framework.xhome.xdb.LoggingXDB - rkadm, forEach, SELECT * FROM AUXSVCEXTCALLINGGROUP WHERE auxiliaryServiceId =  101 
2015-06-13 13:37:21,873 [rkadm:http-optimus-z2-9260-2226-SubMenuSubProfileEdit-rkadm] INFO com.redknee.framework.xhome.xdb.LoggingXDB - rkadm, forEach, SELECT * FROM AUXSVCEXTCALLINGGROUP WHERE auxiliaryServiceId =  17 
2015-06-13 13:37:21,902 [rkadm:http-optimus-z2-9260-2226-SubMenuSubProfileEdit-rkadm] DEBUG com.redknee.app.crm.bundle.PointBundlesProxyWebControl - Filtering for loyalty point bundles
2015-06-13 13:37:21,985 [rkadm:http-optimus-z2-9260-2226-SubMenuSubProfileEdit-rkadm] INFO com.redknee.framework.xhome.xdb.LoggingXDB - rkadm, forEach, SELECT * FROM SUBSCRIBERSERVICES WHERE (subscriberId =  ""  and ((provisionedState =  2 )))
2015-06-13 13:37:21,987 [rkadm:http-optimus-z2-9260-2226-SubMenuSubProfileEdit-rkadm] INFO com.redknee.framework.xhome.xdb.LoggingXDB - rkadm, forEach, SELECT * FROM SERVICE WHERE (((Technology =  0  or Technology =  3 )) and spid IN ( 1 ) and 1 = 2)
2015-06-13 13:37:22,053 [rkadm:http-optimus-z2-9260-2226-SubMenuSubProfileEdit-rkadm] INFO com.redknee.framework.xhome.xdb.LoggingXDB - rkadm, forEach, SELECT * FROM SUBSCRIBERSERVICES WHERE (subscriberId =  ""  and ((provisionedState =  2 )))
2015-06-13 13:37:22,054 [rkadm:http-optimus-z2-9260-2226-SubMenuSubProfileEdit-rkadm] INFO com.redknee.framework.xhome.xdb.LoggingXDB - rkadm, forEach, SELECT * FROM SERVICE WHERE (((Technology =  0  or Technology =  3 )) and spid =  1  and 1 = 2)
