
2015-06-13 01:56:37,953 [rkadm:http-optimus-z2-9260-2081-default-rkadm] DEBUG com.redknee.app.crm.web.border.search.AccountSubscriberSearchByBANAgent - Converged Search SQL = 
2015-06-13 01:56:37,953 [rkadm:http-optimus-z2-9260-2081-default-rkadm] DEBUG com.redknee.app.crm.web.border.search.AccountSubscriberSearchByMSISDNAgent - Converged Search SQL = 
2015-06-13 01:56:37,953 [rkadm:http-optimus-z2-9260-2081-default-rkadm] DEBUG com.redknee.app.crm.web.border.search.AccountSubscriberSearchByIMSI - Converged Search SQL = 
2015-06-13 01:56:37,953 [rkadm:http-optimus-z2-9260-2081-default-rkadm] DEBUG com.redknee.app.crm.web.border.search.AccountSubscriberSearchByPackage - Converged Search SQL = 
2015-06-13 01:56:37,953 [rkadm:http-optimus-z2-9260-2081-default-rkadm] DEBUG com.redknee.app.crm.web.border.search.AccountSubscriberSearchComposite$1 - sqlResult for UPPER(firstName) is : 
2015-06-13 01:56:37,953 [rkadm:http-optimus-z2-9260-2081-default-rkadm] DEBUG com.redknee.app.crm.web.border.search.AccountSubscriberSearchComposite$2 - sqlResult for UPPER(lastName) is : 
2015-06-13 01:56:37,953 [rkadm:http-optimus-z2-9260-2081-default-rkadm] DEBUG com.redknee.app.crm.web.border.search.AccountSubscriberSearchComposite$3 - sqlResult for UPPER(accountMgr) is : 
2015-06-13 01:56:37,953 [rkadm:http-optimus-z2-9260-2081-default-rkadm] DEBUG com.redknee.app.crm.web.border.search.AccountSubscriberSearchComposite$4 - sqlResult for UPPER(companyName) is : 
2015-06-13 01:56:37,953 [rkadm:http-optimus-z2-9260-2081-default-rkadm] DEBUG com.redknee.app.crm.web.border.search.AccountSubscriberSearchComposite$5 - sqlResult for UPPER(accountName) is : 
2015-06-13 01:56:37,953 [rkadm:http-optimus-z2-9260-2081-default-rkadm] DEBUG com.redknee.app.crm.web.border.search.AccountSubscriberSearchComposite$6 - sqlResult for UPPER(billingAddress1) is : 
2015-06-13 01:56:37,953 [rkadm:http-optimus-z2-9260-2081-default-rkadm] DEBUG com.redknee.app.crm.web.border.search.AccountSubscriberSearchComposite$7 - sqlResult for UPPER(email) is : 
2015-06-13 01:56:37,953 [rkadm:http-optimus-z2-9260-2081-default-rkadm] DEBUG com.redknee.app.crm.web.border.search.AccountSubscriberFirstNameLastNameSearchAgent - Complete sql clause is : 
2015-06-13 01:56:39,384 [rkadm:http-optimus-z2-9260-2071-AcctSubSubMenus-rkadm] DEBUG com.redknee.app.crm.web.border.search.AccountSubscriberSearchByBANAgent - Converged Search SQL = 
2015-06-13 01:56:39,384 [rkadm:http-optimus-z2-9260-2071-AcctSubSubMenus-rkadm] DEBUG com.redknee.app.crm.web.border.search.AccountSubscriberSearchByMSISDNAgent - Converged Search SQL = 
2015-06-13 01:56:39,384 [rkadm:http-optimus-z2-9260-2071-AcctSubSubMenus-rkadm] DEBUG com.redknee.app.crm.web.border.search.AccountSubscriberSearchByIMSI - Converged Search SQL = 
2015-06-13 01:56:39,384 [rkadm:http-optimus-z2-9260-2071-AcctSubSubMenus-rkadm] DEBUG com.redknee.app.crm.web.border.search.AccountSubscriberSearchByPackage - Converged Search SQL = 
2015-06-13 01:56:39,384 [rkadm:http-optimus-z2-9260-2071-AcctSubSubMenus-rkadm] DEBUG com.redknee.app.crm.web.border.search.AccountSubscriberSearchComposite$1 - sqlResult for UPPER(firstName) is : 
2015-06-13 01:56:39,384 [rkadm:http-optimus-z2-9260-2071-AcctSubSubMenus-rkadm] DEBUG com.redknee.app.crm.web.border.search.AccountSubscriberSearchComposite$2 - sqlResult for UPPER(lastName) is : 
2015-06-13 01:56:39,384 [rkadm:http-optimus-z2-9260-2071-AcctSubSubMenus-rkadm] DEBUG com.redknee.app.crm.web.border.search.AccountSubscriberSearchComposite$3 - sqlResult for UPPER(accountMgr) is : 
2015-06-13 01:56:39,384 [rkadm:http-optimus-z2-9260-2071-AcctSubSubMenus-rkadm] DEBUG com.redknee.app.crm.web.border.search.AccountSubscriberSearchComposite$4 - sqlResult for UPPER(companyName) is : 
2015-06-13 01:56:39,384 [rkadm:http-optimus-z2-9260-2071-AcctSubSubMenus-rkadm] DEBUG com.redknee.app.crm.web.border.search.AccountSubscriberSearchComposite$5 - sqlResult for UPPER(accountName) is : 
2015-06-13 01:56:39,384 [rkadm:http-optimus-z2-9260-2071-AcctSubSubMenus-rkadm] DEBUG com.redknee.app.crm.web.border.search.AccountSubscriberSearchComposite$6 - sqlResult for UPPER(billingAddress1) is : 
2015-06-13 01:56:39,384 [rkadm:http-optimus-z2-9260-2071-AcctSubSubMenus-rkadm] DEBUG com.redknee.app.crm.web.border.search.AccountSubscriberSearchComposite$7 - sqlResult for UPPER(email) is : 
2015-06-13 01:56:39,384 [rkadm:http-optimus-z2-9260-2071-AcctSubSubMenus-rkadm] DEBUG com.redknee.app.crm.web.border.search.AccountSubscriberFirstNameLastNameSearchAgent - Complete sql clause is : 
2015-06-13 01:57:00,673 [:/EXECUTING(25)=SimpleTaskRunner - sendApplicationHeartbeat] DEBUG com.redknee.framework.application.HostnameSupport - Host mapping for [224.1.1.1] not found. Returning original input.
2015-06-13 01:57:02,609 [rkadm:http-optimus-z2-9260-2078-AcctSubSubMenus-rkadm] DEBUG com.redknee.app.crm.web.border.search.AccountSubscriberSearchByBANAgent - Converged Search SQL = BAN = '112101342'
2015-06-13 01:57:02,609 [rkadm:http-optimus-z2-9260-2078-AcctSubSubMenus-rkadm] DEBUG com.redknee.app.crm.web.border.search.AccountSubscriberSearchByMSISDNAgent - Converged Search SQL = 
2015-06-13 01:57:02,609 [rkadm:http-optimus-z2-9260-2078-AcctSubSubMenus-rkadm] DEBUG com.redknee.app.crm.web.border.search.AccountSubscriberSearchByIMSI - Converged Search SQL = 
2015-06-13 01:57:02,609 [rkadm:http-optimus-z2-9260-2078-AcctSubSubMenus-rkadm] DEBUG com.redknee.app.crm.web.border.search.AccountSubscriberSearchByPackage - Converged Search SQL = 
2015-06-13 01:57:02,609 [rkadm:http-optimus-z2-9260-2078-AcctSubSubMenus-rkadm] DEBUG com.redknee.app.crm.web.border.search.AccountSubscriberSearchComposite$1 - sqlResult for UPPER(firstName) is : 
2015-06-13 01:57:02,609 [rkadm:http-optimus-z2-9260-2078-AcctSubSubMenus-rkadm] DEBUG com.redknee.app.crm.web.border.search.AccountSubscriberSearchComposite$2 - sqlResult for UPPER(lastName) is : 
2015-06-13 01:57:02,609 [rkadm:http-optimus-z2-9260-2078-AcctSubSubMenus-rkadm] DEBUG com.redknee.app.crm.web.border.search.AccountSubscriberSearchComposite$3 - sqlResult for UPPER(accountMgr) is : 
2015-06-13 01:57:02,609 [rkadm:http-optimus-z2-9260-2078-AcctSubSubMenus-rkadm] DEBUG com.redknee.app.crm.web.border.search.AccountSubscriberSearchComposite$4 - sqlResult for UPPER(companyName) is : 
2015-06-13 01:57:02,609 [rkadm:http-optimus-z2-9260-2078-AcctSubSubMenus-rkadm] DEBUG com.redknee.app.crm.web.border.search.AccountSubscriberSearchComposite$5 - sqlResult for UPPER(accountName) is : 
2015-06-13 01:57:02,609 [rkadm:http-optimus-z2-9260-2078-AcctSubSubMenus-rkadm] DEBUG com.redknee.app.crm.web.border.search.AccountSubscriberSearchComposite$6 - sqlResult for UPPER(billingAddress1) is : 
2015-06-13 01:57:02,609 [rkadm:http-optimus-z2-9260-2078-AcctSubSubMenus-rkadm] DEBUG com.redknee.app.crm.web.border.search.AccountSubscriberSearchComposite$7 - sqlResult for UPPER(email) is : 
2015-06-13 01:57:02,609 [rkadm:http-optimus-z2-9260-2078-AcctSubSubMenus-rkadm] DEBUG com.redknee.app.crm.web.border.search.AccountSubscriberFirstNameLastNameSearchAgent - Complete sql clause is : BAN = '112101342'
2015-06-13 01:57:02,614 [rkadm:http-optimus-z2-9260-2078-AcctSubSubMenus-rkadm] INFO com.redknee.framework.xhome.xdb.LoggingXDB - rkadm, forEach, SELECT * FROM ACCOUNT WHERE (spid IN ( 1 ) and BAN = '112101342')
2015-06-13 01:57:02,619 [rkadm:http-optimus-z2-9260-2078-AcctSubSubMenus-rkadm] INFO com.redknee.framework.xhome.xdb.LoggingXDB - rkadm, forEach, SELECT * FROM ACCOUNTIDENTIFICATION WHERE (BAN =  "112101342"  and  (x:orderBy(id ASC)) )
2015-06-13 01:57:02,619 [rkadm:http-optimus-z2-9260-2078-AcctSubSubMenus-rkadm] INFO com.redknee.framework.xhome.xdb.LoggingXDB - rkadm, find, SELECT * FROM BLACKLIST WHERE (idType =  0  and idNumber =  "1865" )
2015-06-13 01:57:12,323 [rkadm:http-optimus-z2-9260-2071-SubMenuAccountEdit-rkadm] DEBUG com.redknee.app.crm.web.border.PTPCurrentNumTransitionBorder - Ban to search is 112101342
2015-06-13 01:57:12,332 [rkadm:http-optimus-z2-9260-2071-SubMenuAccountEdit-rkadm] INFO com.redknee.framework.xhome.xdb.LoggingXDB - rkadm, find, SELECT * FROM SUBSCRIBER WHERE  "112101342"  = BAN
2015-06-13 01:57:12,336 [rkadm:http-optimus-z2-9260-2071-SubMenuAccountEdit-rkadm] INFO com.redknee.framework.xhome.xdb.LoggingXDB - rkadm, forEach, SELECT * FROM ACCOUNTIDENTIFICATION WHERE (BAN =  "112101342"  and  (x:orderBy(id ASC)) )
2015-06-13 01:57:12,340 [rkadm:http-optimus-z2-9260-2071-SubMenuAccountEdit-rkadm] INFO com.redknee.framework.xhome.xdb.LoggingXDB - rkadm, find, SELECT * FROM BLACKLIST WHERE (idType =  0  and idNumber =  "1865" )
2015-06-13 01:57:12,345 [rkadm:http-optimus-z2-9260-2071-SubMenuAccountEdit-rkadm] INFO com.redknee.framework.xhome.xdb.LoggingXDB - rkadm, forEach, SELECT * FROM XCONTACT WHERE account =  "112101342" 
2015-06-13 01:57:12,349 [rkadm:http-optimus-z2-9260-2071-SubMenuAccountEdit-rkadm] INFO com.redknee.framework.xhome.xdb.LoggingXDB - rkadm, find, SELECT * FROM DEALERCODE WHERE code = "1" AND spid = 1 
2015-06-13 01:57:12,353 [rkadm:http-optimus-z2-9260-2071-SubMenuAccountEdit-rkadm] INFO com.redknee.framework.xhome.xdb.LoggingXDB - rkadm, forEach, SELECT * FROM DEALERCODE WHERE (spid =  1  and ((spid =  -1  or spid =  1 )))
2015-06-13 01:57:12,354 [rkadm:http-optimus-z2-9260-2071-SubMenuAccountEdit-rkadm] [Calculation-ma5knu2y-zjovsn32eue7w] INFO com.redknee.app.crm.calculation.service.WeakSessionCalculationService - Installed auto-caching home support for calculation service session [Key=ma5knu2y-zjovsn32eue7w]
2015-06-13 01:57:12,354 [rkadm:http-optimus-z2-9260-2071-SubMenuAccountEdit-rkadm] [Calculation-ma5knu2y-zjovsn32eue7w] DEBUG com.redknee.app.crm.calculation.service.WeakSessionCalculationService - New calculation session created.
2015-06-13 01:57:12,354 [rkadm:http-optimus-z2-9260-2071-SubMenuAccountEdit-rkadm] [Calculation-ma5knu2y-zjovsn32eue7w] INFO com.redknee.app.crm.calculation.support.InvoiceSupport - InvoiceHome [com.redknee.framework.xhome.home.CurriedHome ( LRUCachingHome(0/100, com.redknee.framework.xhome.home.CurriedHome ( com.redknee.app.crm.home.DeleteInvoiceHome ( com.redknee.framework.xhome.home.CurriedHome ( ReadOnlyHome(delegate: com.redknee.framework.xhome.home.NoSelectAllHome ( com.redknee.framework.xhome.home.AdapterHome ( SortingHome(comparatorScript: , delegate: com.redknee.framework.xhome.home.ContextualizingHome ( com.redknee.framework.xhome.home.AuditJournalHome ( com.redknee.app.crm.calculation.home.InvoiceDeliveryUpdateHome ( NotifyingHome(delegate: com.redknee.app.crm.bean.InvoiceXDBHome@69c28405) )  )  ) ) )  ) ) )  )  ) ) ) ]
2015-06-13 01:57:12,357 [rkadm:http-optimus-z2-9260-2071-SubMenuAccountEdit-rkadm] [Calculation-ma5knu2y-zjovsn32eue7w] INFO com.redknee.framework.xhome.xdb.LoggingXDB - rkadm, forEach, select  max(invoiceDate) from INVOICE where (BAN = "112101342" and  invoiceDate < 1434140832354 )
2015-06-13 01:57:12,357 [rkadm:http-optimus-z2-9260-2071-SubMenuAccountEdit-rkadm] [Calculation-ma5knu2y-zjovsn32eue7w] DEBUG com.redknee.app.crm.calculation.support.SubscriberSupport - Look-up of the previous billing date from previous invoices failed for ban112101342 Check if account has previous invoice generated 
2015-06-13 01:57:12,358 [rkadm:http-optimus-z2-9260-2071-SubMenuAccountEdit-rkadm] [Calculation-ma5knu32-zl19w09txwrhh] INFO com.redknee.app.crm.calculation.service.WeakSessionCalculationService - Installed auto-caching home support for calculation service session [Key=ma5knu32-zl19w09txwrhh]
2015-06-13 01:57:12,358 [rkadm:http-optimus-z2-9260-2071-SubMenuAccountEdit-rkadm] [Calculation-ma5knu32-zl19w09txwrhh] DEBUG com.redknee.app.crm.calculation.service.WeakSessionCalculationService - New calculation session created.
2015-06-13 01:57:12,358 [rkadm:http-optimus-z2-9260-2071-SubMenuAccountEdit-rkadm] [Calculation-ma5knu32-zl19w09txwrhh] INFO com.redknee.app.crm.calculation.support.InvoiceSupport - InvoiceHome [com.redknee.framework.xhome.home.CurriedHome ( LRUCachingHome(0/100, com.redknee.framework.xhome.home.CurriedHome ( com.redknee.app.crm.home.DeleteInvoiceHome ( com.redknee.framework.xhome.home.CurriedHome ( ReadOnlyHome(delegate: com.redknee.framework.xhome.home.NoSelectAllHome ( com.redknee.framework.xhome.home.AdapterHome ( SortingHome(comparatorScript: , delegate: com.redknee.framework.xhome.home.ContextualizingHome ( com.redknee.framework.xhome.home.AuditJournalHome ( com.redknee.app.crm.calculation.home.InvoiceDeliveryUpdateHome ( NotifyingHome(delegate: com.redknee.app.crm.bean.InvoiceXDBHome@69c28405) )  )  ) ) )  ) ) )  )  ) ) ) ]
2015-06-13 01:57:12,361 [rkadm:http-optimus-z2-9260-2071-SubMenuAccountEdit-rkadm] [Calculation-ma5knu32-zl19w09txwrhh] INFO com.redknee.framework.xhome.xdb.LoggingXDB - rkadm, forEach, select  max(invoiceDate) from INVOICE where (BAN = "112101342" and  invoiceDate < 1434140832358 )
2015-06-13 01:57:12,361 [rkadm:http-optimus-z2-9260-2071-SubMenuAccountEdit-rkadm] [Calculation-ma5knu32-zl19w09txwrhh] DEBUG com.redknee.app.crm.calculation.support.SubscriberSupport - Look-up of the previous billing date from previous invoices failed for ban112101342 Check if account has previous invoice generated 
2015-06-13 01:57:12,362 [rkadm:http-optimus-z2-9260-2071-SubMenuAccountEdit-rkadm] MINOR com.redknee.app.crm.support.messages.MessageConfigurationSupport - Default-Language SMS Notification of type ID [com.redknee.app.crm.bean.PricePlanBillingMessageID] is missing for SPID: 0
2015-06-13 01:57:12,362 [rkadm:http-optimus-z2-9260-2071-SubMenuAccountEdit-rkadm] MINOR com.redknee.app.crm.support.messages.MessageConfigurationSupport - Default-Language SMS Notification of type ID [com.redknee.app.crm.bean.CreditCategoryBillingMessageID] is missing for SPID: 0
2015-06-13 01:57:12,362 [rkadm:http-optimus-z2-9260-2071-SubMenuAccountEdit-rkadm] MINOR com.redknee.app.crm.support.messages.MessageConfigurationSupport - Default-Language SMS Notification of type ID [com.redknee.app.crm.bean.BillCycleBillingMessageID] is missing for SPID: 0
2015-06-13 01:57:12,370 [rkadm:http-optimus-z2-9260-2071-SubMenuAccountEdit-rkadm] INFO com.redknee.framework.xhome.xdb.LoggingXDB - rkadm, forEach, SELECT * FROM SECURITYQUESTIONANSWER WHERE BAN =  "112101342" 
2015-06-13 01:57:12,374 [rkadm:http-optimus-z2-9260-2071-SubMenuAccountEdit-rkadm] INFO com.redknee.framework.xhome.xdb.LoggingXDB - rkadm, forEach, SELECT * FROM CREDITCARDTYPE WHERE 1 = 1
2015-06-13 01:57:12,378 [rkadm:http-optimus-z2-9260-2071-SubMenuAccountEdit-rkadm] INFO com.redknee.framework.xhome.xdb.LoggingXDB - rkadm, forEach, SELECT * FROM AccntGrpScreeningTemplate WHERE (spid IN ( 1 ) and BAN =  "112101342"  and spid =  1 )
2015-06-13 01:57:12,382 [rkadm:http-optimus-z2-9260-2071-SubMenuAccountEdit-rkadm] INFO com.redknee.framework.xhome.xdb.LoggingXDB - rkadm, forEach, SELECT * FROM GroupScreeningTemplate WHERE (spid IN ( 1 ) and spid =  1  and active =  y )
2015-06-13 01:57:12,386 [rkadm:http-optimus-z2-9260-2071-SubMenuAccountEdit-rkadm] INFO com.redknee.framework.xhome.xdb.LoggingXDB - rkadm, forEach, SELECT * FROM AccntGrpScreeningTemplate WHERE (spid IN ( 1 ) and BAN =  "112101342"  and spid =  1 )
2015-06-13 01:57:12,391 [rkadm:http-optimus-z2-9260-2071-SubMenuAccountEdit-rkadm] INFO com.redknee.framework.xhome.xdb.LoggingXDB - rkadm, forEach, SELECT * FROM ACTEXTFNF WHERE BAN =  "112101342" 
2015-06-13 01:57:12,395 [rkadm:http-optimus-z2-9260-2071-SubMenuAccountEdit-rkadm] INFO com.redknee.framework.xhome.xdb.LoggingXDB - rkadm, forEach, SELECT * FROM ACTEXTPOOL WHERE BAN =  "112101342" 
2015-06-13 01:57:12,399 [rkadm:http-optimus-z2-9260-2071-SubMenuAccountEdit-rkadm] INFO com.redknee.framework.xhome.xdb.LoggingXDB - rkadm, forEach, SELECT * FROM LOYALTYCARD WHERE BAN =  "112101342" 
2015-06-13 01:57:22,416 [rkadm:http-optimus-z2-9260-2078-SubMenuSubProfileEdit-rkadm] INFO com.redknee.framework.xhome.xdb.LoggingXDB - rkadm, forEach, SELECT * FROM SUBSCRIBER WHERE (BAN = "112101342" and  (x:limit(0,5)) )
2015-06-13 01:57:32,929 [rkadm:http-optimus-z2-9260-2072-SubMenuSubProfileEdit-rkadm] INFO com.redknee.app.crm.support.DefaultExtensionSupport - Extension of type com.redknee.app.crm.extension.account.GroupPricePlanExtension not available.  Returning null home key...
2015-06-13 01:57:32,929 [rkadm:http-optimus-z2-9260-2072-SubMenuSubProfileEdit-rkadm] DEBUG com.redknee.app.crm.support.DefaultHomeSupport - Attempting to determine bean count on WhereHome using forEach with CountingVisitor...
2015-06-13 01:57:32,929 [rkadm:http-optimus-z2-9260-2072-SubMenuSubProfileEdit-rkadm] DEBUG com.redknee.app.crm.factory.SubscriberFactory - filling subscription-type to [ +  SubscriptionType(id: 10001, name: Mobile Airtime, description: Mobile Airtime, type: 1)] for Subscriber []
2015-06-13 01:57:32,929 [rkadm:http-optimus-z2-9260-2072-SubMenuSubProfileEdit-rkadm] DEBUG com.redknee.app.crm.support.DefaultHomeSupport - Attempting to determine bean count on WhereHome using forEach with CountingVisitor...
2015-06-13 01:57:32,930 [rkadm:http-optimus-z2-9260-2072-SubMenuSubProfileEdit-rkadm] DEBUG com.redknee.app.crm.factory.SubscriberFactory - filling technology-type to [ +  ANY] for Subscriber []
2015-06-13 01:57:32,931 [rkadm:http-optimus-z2-9260-2072-SubMenuSubProfileEdit-rkadm] INFO com.redknee.app.crm.web.control.MsisdnGroupAvailMsisdnWebControl - We do not have any regular msisdns for  [.MSISDN]
2015-06-13 01:57:32,931 [rkadm:http-optimus-z2-9260-2072-SubMenuSubProfileEdit-rkadm] DEBUG com.redknee.app.crm.web.control.MsisdnGroupAvailMsisdnWebControl - AbstractKeyWebControl throws a NPE when msisdn field is null
2015-06-13 01:57:32,931 [rkadm:http-optimus-z2-9260-2072-SubMenuSubProfileEdit-rkadm] INFO com.redknee.app.crm.web.control.MsisdnGroupAvailMsisdnWebControl - We do not have any regular msisdns for  [.faxMSISDN]
2015-06-13 01:57:32,931 [rkadm:http-optimus-z2-9260-2072-SubMenuSubProfileEdit-rkadm] DEBUG com.redknee.app.crm.web.control.MsisdnGroupAvailMsisdnWebControl - AbstractKeyWebControl throws a NPE when msisdn field is null
2015-06-13 01:57:32,931 [rkadm:http-optimus-z2-9260-2072-SubMenuSubProfileEdit-rkadm] INFO com.redknee.app.crm.web.control.MsisdnGroupAvailMsisdnWebControl - We do not have any regular msisdns for  [.dataMSISDN]
2015-06-13 01:57:32,931 [rkadm:http-optimus-z2-9260-2072-SubMenuSubProfileEdit-rkadm] DEBUG com.redknee.app.crm.web.control.MsisdnGroupAvailMsisdnWebControl - AbstractKeyWebControl throws a NPE when msisdn field is null
2015-06-13 01:57:32,934 [rkadm:http-optimus-z2-9260-2072-SubMenuSubProfileEdit-rkadm] DEBUG com.redknee.app.crm.support.SubscriberSupport - lookupAccount()[findByPrimaryKey] Account BAN: [112101342]
2015-06-13 01:57:32,935 [rkadm:http-optimus-z2-9260-2072-SubMenuSubProfileEdit-rkadm] DEBUG com.redknee.app.crm.bundle.PointBundlesProxyWebControl - Filtering for loyalty point bundles
2015-06-13 01:57:32,937 [rkadm:http-optimus-z2-9260-2072-SubMenuSubProfileEdit-rkadm] INFO com.redknee.framework.xhome.xdb.LoggingXDB - rkadm, forEach, SELECT * FROM AUXILIARYSERVICE WHERE (spid IN ( 1 ) and 1 = 2)
2015-06-13 01:57:32,941 [rkadm:http-optimus-z2-9260-2072-SubMenuSubProfileEdit-rkadm] INFO com.redknee.framework.xhome.xdb.LoggingXDB - rkadm, find, SELECT * FROM RESOURCEDEVICEDEFAULTPACKAGE WHERE resourceID =  "" 
2015-06-13 01:57:32,942 [rkadm:http-optimus-z2-9260-2072-SubMenuSubProfileEdit-rkadm] DEBUG com.redknee.app.crm.support.DefaultHomeSupport - Attempting to determine bean count on WhereHome using forEach with CountingVisitor...
2015-06-13 01:57:32,944 [rkadm:http-optimus-z2-9260-2072-SubMenuSubProfileEdit-rkadm] MAJOR com.redknee.app.crm.filter.TechnologyLicenseEnumPredicateEvaluator - Failed to find licence for type: NO_TECHNOLOGY
2015-06-13 01:57:32,949 [rkadm:http-optimus-z2-9260-2072-SubMenuSubProfileEdit-rkadm] INFO com.redknee.framework.xhome.xdb.LoggingXDB - rkadm, forEach, SELECT * FROM SERVICEACTIVATIONTEMPLATE WHERE (((Technology =  0  or Technology =  3 )) and spid =  1  and subscriptionClass =  1 )
2015-06-13 01:57:32,953 [rkadm:http-optimus-z2-9260-2072-SubMenuSubProfileEdit-rkadm] INFO com.redknee.framework.xhome.xdb.LoggingXDB - rkadm, forEach, SELECT * FROM ACTIVATIONREASONCODE WHERE spid =  1 
2015-06-13 01:57:32,954 [rkadm:http-optimus-z2-9260-2072-SubMenuSubProfileEdit-rkadm] DEBUG com.redknee.app.crm.support.SubscriberSupport - lookupAccount()[findByPrimaryKey] Account BAN: [112101342]
2015-06-13 01:57:32,958 [rkadm:http-optimus-z2-9260-2072-SubMenuSubProfileEdit-rkadm] INFO com.redknee.framework.xhome.xdb.LoggingXDB - rkadm, forEach, SELECT * FROM MsisdnGroup WHERE (((Technology =  0  or Technology =  3 )) and spid =  1  and technology IN ( 0 , 3 ))
2015-06-13 01:57:32,959 [rkadm:http-optimus-z2-9260-2072-SubMenuSubProfileEdit-rkadm] DEBUG com.redknee.app.crm.web.control.MsisdnGroupAvailMsisdnWebControl - No default msisdn group found in Spid, using the first group found = MsisdnGroup(id: 701, name: JK Prepaid, spid: 1, technology: GSM, minSize: 0, fee: 0, adjustmentId: 0, numberHeld: 1, assignedMsisdns: 105, availableMsisdns: 0, fetchingFactor: 1000)
2015-06-13 01:57:32,962 [rkadm:http-optimus-z2-9260-2072-SubMenuSubProfileEdit-rkadm] INFO com.redknee.framework.xhome.xdb.LoggingXDB - rkadm, forEach, SELECT * FROM MSISDN WHERE (((Technology =  0  or Technology =  3 )) and spid =  1  and msisdnGroup =  701  and spid =  1  and subscriberType =  1  and ((state =  0  or (state =  2  and BAN =  "112101342"  and portingType =  0 ))) and  (x:limit(0,20)) )
2015-06-13 01:57:32,967 [rkadm:http-optimus-z2-9260-2072-SubMenuSubProfileEdit-rkadm] INFO com.redknee.framework.xhome.xdb.LoggingXDB - rkadm, forEach, SELECT * FROM DEALERCODE WHERE (spid =  1  and ((spid =  -1  or spid =  1 )))
2015-06-13 01:57:32,973 [rkadm:http-optimus-z2-9260-2072-SubMenuSubProfileEdit-rkadm] DEBUG com.redknee.app.crm.support.SubscriberSupport - lookupAccount()[findByPrimaryKey] Account BAN: [112101342]
2015-06-13 01:57:32,981 [:http-optimus-z2-9260-2072-SubMenuSubProfileEdit-rkadm] DEBUG com.redknee.app.crm.support.SubscriberSupport - ... last message [lookupAccount()[findByPrimaryKey] Account BAN: [112101342]] repeated (2) times.
2015-06-13 01:57:32,981 [rkadm:http-optimus-z2-9260-2072-SubMenuSubProfileEdit-rkadm] INFO com.redknee.framework.xhome.xdb.LoggingXDB - rkadm, forEach, SELECT * FROM PRICEPLAN WHERE (((Technology =  0  or Technology =  3 )) and spid =  1  and subscriptionType =  10001 )
2015-06-13 01:57:32,989 [rkadm:http-optimus-z2-9260-2072-SubMenuSubProfileEdit-rkadm] DEBUG com.redknee.app.crm.web.control.CustomizedPricePlanKeyWebControl - Unsupported bean type uses CustomizedPricePlanKeyWebControl
2015-06-13 01:57:33,010 [:http-optimus-z2-9260-2072-SubMenuSubProfileEdit-rkadm] DEBUG com.redknee.app.crm.web.control.CustomizedPricePlanKeyWebControl - ... last message [Unsupported bean type uses CustomizedPricePlanKeyWebControl] repeated (183) times.
2015-06-13 01:57:33,010 [rkadm:http-optimus-z2-9260-2072-SubMenuSubProfileEdit-rkadm] INFO com.redknee.framework.xhome.xdb.LoggingXDB - rkadm, forEach, SELECT * FROM PRICEPLAN WHERE (((Technology =  0  or Technology =  3 )) and spid =  1  and subscriptionType =  10001 )
2015-06-13 01:57:33,018 [rkadm:http-optimus-z2-9260-2072-SubMenuSubProfileEdit-rkadm] DEBUG com.redknee.app.crm.web.control.CustomizedPricePlanKeyWebControl - Unsupported bean type uses CustomizedPricePlanKeyWebControl
2015-06-13 01:57:33,030 [:http-optimus-z2-9260-2072-SubMenuSubProfileEdit-rkadm] DEBUG com.redknee.app.crm.web.control.CustomizedPricePlanKeyWebControl - ... last message [Unsupported bean type uses CustomizedPricePlanKeyWebControl] repeated (183) times.
2015-06-13 01:57:33,030 [rkadm:http-optimus-z2-9260-2072-SubMenuSubProfileEdit-rkadm] DEBUG com.redknee.app.crm.support.SubscriberSupport - lookupAccount()[findByPrimaryKey] Account BAN: [112101342]
2015-06-13 01:57:33,034 [rkadm:http-optimus-z2-9260-2072-SubMenuSubProfileEdit-rkadm] INFO com.redknee.framework.xhome.xdb.LoggingXDB - rkadm, forEach, SELECT * FROM GroupScreeningTemplate WHERE (spid =  1  and identifier =  -1 )
2015-06-13 01:57:33,046 [rkadm:http-optimus-z2-9260-2072-SubMenuSubProfileEdit-rkadm] INFO com.redknee.framework.xhome.xdb.LoggingXDB - rkadm, forEach, SELECT * FROM BundleCategoryAssociation WHERE bundleId =  64 
2015-06-13 01:57:33,063 [:http-optimus-z2-9260-2072-SubMenuSubProfileEdit-rkadm] INFO com.redknee.framework.xhome.xdb.LoggingXDB - ... last message [rkadm, forEach, SELECT * FROM BundleCategoryAssociation WHERE bundleId =  64 ] repeated (3) times.
2015-06-13 01:57:33,063 [rkadm:http-optimus-z2-9260-2072-SubMenuSubProfileEdit-rkadm] DEBUG com.redknee.app.crm.web.control.AdaptedAuxiliaryServiceSelectionWebControl - Associations inside getSelectableAuxiliaryServices = []
2015-06-13 01:57:33,068 [rkadm:http-optimus-z2-9260-2072-SubMenuSubProfileEdit-rkadm] INFO com.redknee.framework.xhome.xdb.LoggingXDB - rkadm, forEach, SELECT * FROM AUXSVCEXTCALLINGGROUP WHERE auxiliaryServiceId =  38 
2015-06-13 01:57:33,069 [rkadm:http-optimus-z2-9260-2072-SubMenuSubProfileEdit-rkadm] INFO com.redknee.framework.xhome.xdb.LoggingXDB - rkadm, forEach, SELECT * FROM AUXSVCEXTCALLINGGROUP WHERE auxiliaryServiceId =  87 
2015-06-13 01:57:33,070 [rkadm:http-optimus-z2-9260-2072-SubMenuSubProfileEdit-rkadm] INFO com.redknee.framework.xhome.xdb.LoggingXDB - rkadm, forEach, SELECT * FROM AUXSVCEXTCALLINGGROUP WHERE auxiliaryServiceId =  42 
2015-06-13 01:57:33,071 [rkadm:http-optimus-z2-9260-2072-SubMenuSubProfileEdit-rkadm] INFO com.redknee.framework.xhome.xdb.LoggingXDB - rkadm, forEach, SELECT * FROM AUXSVCEXTCALLINGGROUP WHERE auxiliaryServiceId =  15 
2015-06-13 01:57:33,072 [rkadm:http-optimus-z2-9260-2072-SubMenuSubProfileEdit-rkadm] INFO com.redknee.framework.xhome.xdb.LoggingXDB - rkadm, forEach, SELECT * FROM AUXSVCEXTCALLINGGROUP WHERE auxiliaryServiceId =  41 
2015-06-13 01:57:33,073 [rkadm:http-optimus-z2-9260-2072-SubMenuSubProfileEdit-rkadm] INFO com.redknee.framework.xhome.xdb.LoggingXDB - rkadm, forEach, SELECT * FROM AUXSVCEXTCALLINGGROUP WHERE auxiliaryServiceId =  24 
2015-06-13 01:57:33,074 [rkadm:http-optimus-z2-9260-2072-SubMenuSubProfileEdit-rkadm] INFO com.redknee.framework.xhome.xdb.LoggingXDB - rkadm, forEach, SELECT * FROM AUXSVCEXTCALLINGGROUP WHERE auxiliaryServiceId =  25 
2015-06-13 01:57:33,075 [rkadm:http-optimus-z2-9260-2072-SubMenuSubProfileEdit-rkadm] INFO com.redknee.framework.xhome.xdb.LoggingXDB - rkadm, forEach, SELECT * FROM AUXSVCEXTCALLINGGROUP WHERE auxiliaryServiceId =  27 
2015-06-13 01:57:33,076 [rkadm:http-optimus-z2-9260-2072-SubMenuSubProfileEdit-rkadm] INFO com.redknee.framework.xhome.xdb.LoggingXDB - rkadm, forEach, SELECT * FROM AUXSVCEXTCALLINGGROUP WHERE auxiliaryServiceId =  2 
2015-06-13 01:57:33,077 [rkadm:http-optimus-z2-9260-2072-SubMenuSubProfileEdit-rkadm] INFO com.redknee.framework.xhome.xdb.LoggingXDB - rkadm, forEach, SELECT * FROM AUXSVCEXTCALLINGGROUP WHERE auxiliaryServiceId =  37 
2015-06-13 01:57:33,078 [rkadm:http-optimus-z2-9260-2072-SubMenuSubProfileEdit-rkadm] INFO com.redknee.framework.xhome.xdb.LoggingXDB - rkadm, forEach, SELECT * FROM AUXSVCEXTCALLINGGROUP WHERE auxiliaryServiceId =  12 
2015-06-13 01:57:33,079 [rkadm:http-optimus-z2-9260-2072-SubMenuSubProfileEdit-rkadm] INFO com.redknee.framework.xhome.xdb.LoggingXDB - rkadm, forEach, SELECT * FROM AUXSVCEXTCALLINGGROUP WHERE auxiliaryServiceId =  14 
2015-06-13 01:57:33,080 [rkadm:http-optimus-z2-9260-2072-SubMenuSubProfileEdit-rkadm] INFO com.redknee.framework.xhome.xdb.LoggingXDB - rkadm, forEach, SELECT * FROM AUXSVCEXTCALLINGGROUP WHERE auxiliaryServiceId =  81 
2015-06-13 01:57:33,081 [rkadm:http-optimus-z2-9260-2072-SubMenuSubProfileEdit-rkadm] INFO com.redknee.framework.xhome.xdb.LoggingXDB - rkadm, forEach, SELECT * FROM AUXSVCEXTCALLINGGROUP WHERE auxiliaryServiceId =  82 
2015-06-13 01:57:33,081 [rkadm:http-optimus-z2-9260-2072-SubMenuSubProfileEdit-rkadm] INFO com.redknee.framework.xhome.xdb.LoggingXDB - rkadm, forEach, SELECT * FROM AUXSVCEXTCALLINGGROUP WHERE auxiliaryServiceId =  17 
2015-06-13 01:57:33,082 [rkadm:http-optimus-z2-9260-2072-SubMenuSubProfileEdit-rkadm] INFO com.redknee.framework.xhome.xdb.LoggingXDB - rkadm, forEach, SELECT * FROM AUXSVCEXTCALLINGGROUP WHERE auxiliaryServiceId =  13 
2015-06-13 01:57:33,083 [rkadm:http-optimus-z2-9260-2072-SubMenuSubProfileEdit-rkadm] INFO com.redknee.framework.xhome.xdb.LoggingXDB - rkadm, forEach, SELECT * FROM AUXSVCEXTCALLINGGROUP WHERE auxiliaryServiceId =  98 
2015-06-13 01:57:33,084 [rkadm:http-optimus-z2-9260-2072-SubMenuSubProfileEdit-rkadm] INFO com.redknee.framework.xhome.xdb.LoggingXDB - rkadm, forEach, SELECT * FROM AUXSVCEXTCALLINGGROUP WHERE auxiliaryServiceId =  100 
2015-06-13 01:57:33,085 [rkadm:http-optimus-z2-9260-2072-SubMenuSubProfileEdit-rkadm] INFO com.redknee.framework.xhome.xdb.LoggingXDB - rkadm, forEach, SELECT * FROM AUXSVCEXTCALLINGGROUP WHERE auxiliaryServiceId =  101 
2015-06-13 01:57:33,086 [rkadm:http-optimus-z2-9260-2072-SubMenuSubProfileEdit-rkadm] INFO com.redknee.framework.xhome.xdb.LoggingXDB - rkadm, forEach, SELECT * FROM AUXSVCEXTCALLINGGROUP WHERE auxiliaryServiceId =  20 
2015-06-13 01:57:33,087 [rkadm:http-optimus-z2-9260-2072-SubMenuSubProfileEdit-rkadm] INFO com.redknee.framework.xhome.xdb.LoggingXDB - rkadm, forEach, SELECT * FROM AUXSVCEXTCALLINGGROUP WHERE auxiliaryServiceId =  7 
2015-06-13 01:57:33,088 [rkadm:http-optimus-z2-9260-2072-SubMenuSubProfileEdit-rkadm] INFO com.redknee.framework.xhome.xdb.LoggingXDB - rkadm, forEach, SELECT * FROM AUXSVCEXTCALLINGGROUP WHERE auxiliaryServiceId =  10 
2015-06-13 01:57:33,090 [rkadm:http-optimus-z2-9260-2072-SubMenuSubProfileEdit-rkadm] INFO com.redknee.framework.xhome.xdb.LoggingXDB - rkadm, forEach, SELECT * FROM AUXSVCEXTCALLINGGROUP WHERE auxiliaryServiceId =  19 
2015-06-13 01:57:33,091 [rkadm:http-optimus-z2-9260-2072-SubMenuSubProfileEdit-rkadm] INFO com.redknee.framework.xhome.xdb.LoggingXDB - rkadm, forEach, SELECT * FROM AUXSVCEXTCALLINGGROUP WHERE auxiliaryServiceId =  40 
2015-06-13 01:57:33,092 [rkadm:http-optimus-z2-9260-2072-SubMenuSubProfileEdit-rkadm] INFO com.redknee.framework.xhome.xdb.LoggingXDB - rkadm, forEach, SELECT * FROM AUXSVCEXTCALLINGGROUP WHERE auxiliaryServiceId =  21 
2015-06-13 01:57:33,093 [rkadm:http-optimus-z2-9260-2072-SubMenuSubProfileEdit-rkadm] INFO com.redknee.framework.xhome.xdb.LoggingXDB - rkadm, forEach, SELECT * FROM AUXSVCEXTCALLINGGROUP WHERE auxiliaryServiceId =  29 
2015-06-13 01:57:33,094 [rkadm:http-optimus-z2-9260-2072-SubMenuSubProfileEdit-rkadm] INFO com.redknee.framework.xhome.xdb.LoggingXDB - rkadm, forEach, SELECT * FROM AUXSVCEXTCALLINGGROUP WHERE auxiliaryServiceId =  30 
2015-06-13 01:57:33,095 [rkadm:http-optimus-z2-9260-2072-SubMenuSubProfileEdit-rkadm] INFO com.redknee.framework.xhome.xdb.LoggingXDB - rkadm, forEach, SELECT * FROM AUXSVCEXTCALLINGGROUP WHERE auxiliaryServiceId =  31 
2015-06-13 01:57:33,105 [rkadm:http-optimus-z2-9260-2072-SubMenuSubProfileEdit-rkadm] INFO com.redknee.framework.xhome.xdb.LoggingXDB - rkadm, forEach, SELECT * FROM AUXILIARYSERVICE WHERE (((Technology =  0  or Technology =  3 )) and spid =  1  and spid =  1  and state <>  2  and TYPE <>  6  and  (x:orderBy(TYPE ASC,name ASC,identifier ASC)) )
2015-06-13 01:57:33,112 [rkadm:http-optimus-z2-9260-2072-SubMenuSubProfileEdit-rkadm] DEBUG com.redknee.app.crm.web.control.AdaptedAuxiliaryServiceSelectionWebControl - Selectable auxiliary services for subscriber  are [AuxiliaryServiceSelection(selectionIdentifier: 41, name: HBD, secondaryId: -1, chargingModeType: Monthly, recurrenceInterval: 1, charge: 1000000, enabled: false, checked: false, startDate: Sat Jun 13 01:57:33 IST 2015, endDate: Wed Jun 13 00:00:00 IST 2035, paymentNum: 0, nextRecurringChargeDate: null, vpnMode: 0), AuxiliaryServiceSelection(selectionIdentifier: 100, name: Tarun_PLP, secondaryId: -1, chargingModeType: Monthly, recurrenceInterval: 1, charge: 0, enabled: false, checked: false, startDate: Sat Jun 13 01:57:33 IST 2015, endDate: Wed Jun 13 00:00:00 IST 2035, paymentNum: 0, nextRecurringChargeDate: null, vpnMode: 0), AuxiliaryServiceSelection(selectionIdentifier: 101, name: Tarun_PLP_1, secondaryId: -1, chargingModeType: Monthly, recurrenceInterval: 1, charge: 0, enabled: false, checked: false, startDate: Sat Jun 13 01:57:33 IST 2015, endDate: Wed Jun 13 00:00:00 IST 2035, paymentNum: 0, nextRecurringChargeDate: null, vpnMode: 0), AuxiliaryServiceSelection(selectionIdentifier: 17, name: pragya_BP, secondaryId: -1, chargingModeType: Monthly, recurrenceInterval: 1, charge: 0, enabled: false, checked: false, startDate: Sat Jun 13 01:57:33 IST 2015, endDate: Wed Jun 13 00:00:00 IST 2035, paymentNum: 0, nextRecurringChargeDate: null, vpnMode: 0), AuxiliaryServiceSelection(selectionIdentifier: 88, name: 14120856002-TT-AUX-SERVICE, secondaryId: -1, chargingModeType: Multi-Monthly, recurrenceInterval: 2, charge: 0, enabled: false, checked: false, startDate: Sat Jun 13 01:57:33 IST 2015, endDate: Wed Jun 13 00:00:00 IST 2035, paymentNum: 0, nextRecurringChargeDate: null, vpnMode: 0), AuxiliaryServiceSelection(selectionIdentifier: 89, name: 14120856002-TT-AUX-SERVICE-2, secondaryId: -1, chargingModeType: Multi-Monthly, recurrenceInterval: 2, charge: 0, enabled: false, checked: false, startDate: Sat Jun 13 01:57:33 IST 2015, endDate: Wed Jun 13 00:00:00 IST 2035, paymentNum: 0, nextRecurringChargeDate: null, vpnMode: 0), AuxiliaryServiceSelection(selectionIdentifier: 90, name: 14120856002-TT-AUX-SERVICE-2, secondaryId: -1, chargingModeType: Multi-Monthly, recurrenceInterval: 2, charge: 0, enabled: false, checked: false, startDate: Sat Jun 13 01:57:33 IST 2015, endDate: Wed Jun 13 00:00:00 IST 2035, paymentNum: 0, nextRecurringChargeDate: null, vpnMode: 0), AuxiliaryServiceSelection(selectionIdentifier: 91, name: 14120856002-TT-AUX-SERVICE-3, secondaryId: -1, chargingModeType: Multi-Monthly, recurrenceInterval: 2, charge: 0, enabled: false, checked: false, startDate: Sat Jun 13 01:57:33 IST 2015, endDate: Wed Jun 13 00:00:00 IST 2035, paymentNum: 0, nextRecurringChargeDate: null, vpnMode: 0), AuxiliaryServiceSelection(selectionIdentifier: 92, name: 14120856002-TT-AUX-SERVICE-3, secondaryId: -1, chargingModeType: Multi-Monthly, recurrenceInterval: 2, charge: 100, enabled: false, checked: false, startDate: Sat Jun 13 01:57:33 IST 2015, endDate: Wed Jun 13 00:00:00 IST 2035, paymentNum: 0, nextRecurringChargeDate: null, vpnMode: 0), AuxiliaryServiceSelection(selectionIdentifier: 45, name: BasicAux, secondaryId: -1, chargingModeType: Monthly, recurrenceInterval: 2, charge: 200, enabled: false, checked: false, startDate: Sat Jun 13 01:57:33 IST 2015, endDate: Wed Jun 13 00:00:00 IST 2035, paymentNum: 0, nextRecurringChargeDate: null, vpnMode: 0), AuxiliaryServiceSelection(selectionIdentifier: 46, name: BasicAuxNonRefundable, secondaryId: -1, chargingModeType: Monthly, recurrenceInterval: 2, charge: 200, enabled: false, checked: false, startDate: Sat Jun 13 01:57:33 IST 2015, endDate: Wed Jun 13 00:00:00 IST 2035, paymentNum: 0, nextRecurringChargeDate: null, vpnMode: 0), AuxiliaryServiceSelection(selectionIdentifier: 32, name: MonthlyAux, secondaryId: -1, chargingModeType: Monthly, recurrenceInterval: 2, charge: 2000, enabled: false, checked: false, startDate: Sat Jun 13 01:57:33 IST 2015, endDate: Wed Jun 13 00:00:00 IST 2035, paymentNum: 0, nextRecurringChargeDate: null, vpnMode: 0), AuxiliaryServiceSelection(selectionIdentifier: 33, name: MonthlyAuxFull, secondaryId: -1, chargingModeType: Monthly, recurrenceInterval: 2, charge: 0, enabled: false, checked: false, startDate: Sat Jun 13 01:57:33 IST 2015, endDate: Wed Jun 13 00:00:00 IST 2035, paymentNum: 0, nextRecurringChargeDate: null, vpnMode: 0), AuxiliaryServiceSelection(selectionIdentifier: 36, name: MonthlyAuxFull, secondaryId: -1, chargingModeType: Monthly, recurrenceInterval: 2, charge: 0, enabled: false, checked: false, startDate: Sat Jun 13 01:57:33 IST 2015, endDate: Wed Jun 13 00:00:00 IST 2035, paymentNum: 0, nextRecurringChargeDate: null, vpnMode: 0), AuxiliaryServiceSelection(selectionIdentifier: 26, name: OneTime, secondaryId: -1, chargingModeType: One time, recurrenceInterval: 0, charge: 200000, enabled: false, checked: false, startDate: Sat Jun 13 01:57:33 IST 2015, endDate: Sun Jun 14 00:00:00 IST 2015, paymentNum: 0, nextRecurringChargeDate: null, vpnMode: 0), AuxiliaryServiceSelection(selectionIdentifier: 39, name: OneTime - One off fixed date, secondaryId: -1, chargingModeType: One time, recurrenceInterval: 0, charge: 100000, enabled: false, checked: false, startDate: Sat Jun 13 01:57:33 IST 2015, endDate: Tue Nov 25 14:12:12 IST 2014, paymentNum: 0, nextRecurringChargeDate: null, vpnMode: 0), AuxiliaryServiceSelection(selectionIdentifier: 3, name: TestAux, secondaryId: -1, chargingModeType: Monthly, recurrenceInterval: 2, charge: 1000, enabled: false, checked: false, startDate: Sat Jun 13 01:57:33 IST 2015, endDate: Wed Jun 13 00:00:00 IST 2035, paymentNum: 0, nextRecurringChargeDate: null, vpnMode: 0), AuxiliaryServiceSelection(selectionIdentifier: 74, name: TestAux_non-refund, secondaryId: -1, chargingModeType: Monthly, recurrenceInterval: 2, charge: 1000, enabled: false, checked: false, startDate: Sat Jun 13 01:57:33 IST 2015, endDate: Wed Jun 13 00:00:00 IST 2035, paymentNum: 0, nextRecurringChargeDate: null, vpnMode: 0), AuxiliaryServiceSelection(selectionIdentifier: 86, name: dailyVoice, secondaryId: -1, chargingModeType: Daily, recurrenceInterval: 2, charge: 200000, enabled: false, checked: false, startDate: Sat Jun 13 01:57:33 IST 2015, endDate: Wed Jun 13 00:00:00 IST 2035, paymentNum: 0, nextRecurringChargeDate: null, vpnMode: 0), AuxiliaryServiceSelection(selectionIdentifier: 22, name: jk, secondaryId: -1, chargingModeType: Monthly, recurrenceInterval: 2, charge: 0, enabled: false, checked: false, startDate: Sat Jun 13 01:57:33 IST 2015, endDate: Wed Jun 13 00:00:00 IST 2035, paymentNum: 0, nextRecurringChargeDate: null, vpnMode: 0), AuxiliaryServiceSelection(selectionIdentifier: 28, name: jk, secondaryId: -1, chargingModeType: Monthly, recurrenceInterval: 2, charge: 0, enabled: false, checked: false, startDate: Sat Jun 13 01:57:33 IST 2015, endDate: Wed Jun 13 00:00:00 IST 2035, paymentNum: 0, nextRecurringChargeDate: null, vpnMode: 0), AuxiliaryServiceSelection(selectionIdentifier: 95, name: mm2months, secondaryId: -1, chargingModeType: Monthly, recurrenceInterval: 2, charge: 0, enabled: false, checked: false, startDate: Sat Jun 13 01:57:33 IST 2015, endDate: Wed Jun 13 00:00:00 IST 2035, paymentNum: 0, nextRecurringChargeDate: null, vpnMode: 0), AuxiliaryServiceSelection(selectionIdentifier: 96, name: mm2months, secondaryId: -1, chargingModeType: Multi-Monthly, recurrenceInterval: 2, charge: 200, enabled: false, checked: false, startDate: Sat Jun 13 01:57:33 IST 2015, endDate: Wed Jun 13 00:00:00 IST 2035, paymentNum: 0, nextRecurringChargeDate: null, vpnMode: 0), AuxiliaryServiceSelection(selectionIdentifier: 97, name: mm3months, secondaryId: -1, chargingModeType: Multi-Monthly, recurrenceInterval: 3, charge: 300, enabled: false, checked: false, startDate: Sat Jun 13 01:57:33 IST 2015, endDate: Wed Jun 13 00:00:00 IST 2035, paymentNum: 0, nextRecurringChargeDate: null, vpnMode: 0), AuxiliaryServiceSelection(selectionIdentifier: 34, name: monthlyFULLrefundable, secondaryId: -1, chargingModeType: Monthly, recurrenceInterval: 2, charge: 0, enabled: false, checked: false, startDate: Sat Jun 13 01:57:33 IST 2015, endDate: Wed Jun 13 00:00:00 IST 2035, paymentNum: 0, nextRecurringChargeDate: null, vpnMode: 0), AuxiliaryServiceSelection(selectionIdentifier: 35, name: monthlyRefundable, secondaryId: -1, chargingModeType: Monthly, recurrenceInterval: 2, charge: 200, enabled: false, checked: false, startDate: Sat Jun 13 01:57:33 IST 2015, endDate: Wed Jun 13 00:00:00 IST 2035, paymentNum: 0, nextRecurringChargeDate: null, vpnMode: 0), AuxiliaryServiceSelection(selectionIdentifier: 43, name: pragya_BP1, secondaryId: -1, chargingModeType: Monthly, recurrenceInterval: 2, charge: 0, enabled: false, checked: false, startDate: Sat Jun 13 01:57:33 IST 2015, endDate: Wed Jun 13 00:00:00 IST 2035, paymentNum: 0, nextRecurringChargeDate: null, vpnMode: 0), AuxiliaryServiceSelection(selectionIdentifier: 99, name: testOnetime, secondaryId: -1, chargingModeType: One time, recurrenceInterval: 0, charge: 1000, enabled: false, checked: false, startDate: Sat Jun 13 01:57:33 IST 2015, endDate: Mon Jul 13 00:00:00 IST 2015, paymentNum: 0, nextRecurringChargeDate: null, vpnMode: 0), AuxiliaryServiceSelection(selectionIdentifier: 93, name: testPanga, secondaryId: -1, chargingModeType: Daily, recurrenceInterval: 2, charge: 1000, enabled: false, checked: false, startDate: Sat Jun 13 01:57:33 IST 2015, endDate: Wed Jun 13 00:00:00 IST 2035, paymentNum: 0, nextRecurringChargeDate: null, vpnMode: 0), AuxiliaryServiceSelection(selectionIdentifier: 94, name: TicketAuxService, secondaryId: -1, chargingModeType: Monthly, recurrenceInterval: 2, charge: 200, enabled: false, checked: false, startDate: Sat Jun 13 01:57:33 IST 2015, endDate: Wed Jun 13 00:00:00 IST 2035, paymentNum: 0, nextRecurringChargeDate: null, vpnMode: 0), AuxiliaryServiceSelection(selectionIdentifier: 47, name: provisionableAux, secondaryId: -1, chargingModeType: Monthly, recurrenceInterval: 2, charge: 200, enabled: false, checked: false, startDate: Sat Jun 13 01:57:33 IST 2015, endDate: Wed Jun 13 00:00:00 IST 2035, paymentNum: 0, nextRecurringChargeDate: null, vpnMode: 0), AuxiliaryServiceSelection(selectionIdentifier: 48, name: provisionableAuxNonRefundable, secondaryId: -1, chargingModeType: Monthly, recurrenceInterval: 2, charge: 200, enabled: false, checked: false, startDate: Sat Jun 13 01:57:33 IST 2015, endDate: Wed Jun 13 00:00:00 IST 2035, paymentNum: 0, nextRecurringChargeDate: null, vpnMode: 0), AuxiliaryServiceSelection(selectionIdentifier: 85, name: provisionableUnprovisioning, secondaryId: -1, chargingModeType: Monthly, recurrenceInterval: 2, charge: 0, enabled: false, checked: false, startDate: Sat Jun 13 01:57:33 IST 2015, endDate: Wed Jun 13 00:00:00 IST 2035, paymentNum: 0, nextRecurringChargeDate: null, vpnMode: 0), AuxiliaryServiceSelection(selectionIdentifier: 5, name: testAux3, secondaryId: -1, chargingModeType: Monthly, recurrenceInterval: 30, charge: 200, enabled: false, checked: false, startDate: Sat Jun 13 01:57:33 IST 2015, endDate: Wed Jun 13 00:00:00 IST 2035, paymentNum: 0, nextRecurringChargeDate: null, vpnMode: 0), AuxiliaryServiceSelection(selectionIdentifier: 63, name: voivemail_non refund, secondaryId: -1, chargingModeType: Monthly, recurrenceInterval: 2, charge: 0, enabled: false, checked: false, startDate: Sat Jun 13 01:57:33 IST 2015, endDate: Wed Jun 13 00:00:00 IST 2035, paymentNum: 0, nextRecurringChargeDate: null, vpnMode: 0), AuxiliaryServiceSelection(selectionIdentifier: 62, name: voivemail_refund, secondaryId: -1, chargingModeType: Monthly, recurrenceInterval: 2, charge: 0, enabled: false, checked: false, startDate: Sat Jun 13 01:57:33 IST 2015, endDate: Wed Jun 13 00:00:00 IST 2035, paymentNum: 0, nextRecurringChargeDate: null, vpnMode: 0), AuxiliaryServiceSelection(selectionIdentifier: 11, name: Protei PRBT Service, secondaryId: -1, chargingModeType: Monthly, recurrenceInterval: 2, charge: 0, enabled: false, checked: false, startDate: Sat Jun 13 01:57:33 IST 2015, endDate: Wed Jun 13 00:00:00 IST 2035, paymentNum: 0, nextRecurringChargeDate: null, vpnMode: 0), AuxiliaryServiceSelection(selectionIdentifier: 79, name: Protei PRBT Service-non-refund, secondaryId: -1, chargingModeType: Monthly, recurrenceInterval: 2, charge: 0, enabled: false, checked: false, startDate: Sat Jun 13 01:57:33 IST 2015, endDate: Wed Jun 13 00:00:00 IST 2035, paymentNum: 0, nextRecurringChargeDate: null, vpnMode: 0), AuxiliaryServiceSelection(selectionIdentifier: 69, name: BoltNew, secondaryId: -1, chargingModeType: Monthly, recurrenceInterval: 2, charge: 0, enabled: false, checked: false, startDate: Sat Jun 13 01:57:33 IST 2015, endDate: Wed Jun 13 00:00:00 IST 2035, paymentNum: 0, nextRecurringChargeDate: null, vpnMode: 0), AuxiliaryServiceSelection(selectionIdentifier: 70, name: BoltNonRefundable, secondaryId: -1, chargingModeType: Monthly, recurrenceInterval: 2, charge: 200, enabled: false, checked: false, startDate: Sat Jun 13 01:57:33 IST 2015, endDate: Wed Jun 13 00:00:00 IST 2035, paymentNum: 0, nextRecurringChargeDate: null, vpnMode: 0), AuxiliaryServiceSelection(selectionIdentifier: 60, name: bolt-on-non refund, secondaryId: -1, chargingModeType: Monthly, recurrenceInterval: 2, charge: 0, enabled: false, checked: false, startDate: Sat Jun 13 01:57:33 IST 2015, endDate: Wed Jun 13 00:00:00 IST 2035, paymentNum: 0, nextRecurringChargeDate: null, vpnMode: 0), AuxiliaryServiceSelection(selectionIdentifier: 59, name: bolt-on-refund, secondaryId: -1, chargingModeType: Monthly, recurrenceInterval: 2, charge: 0, enabled: false, checked: false, startDate: Sat Jun 13 01:57:33 IST 2015, endDate: Wed Jun 13 00:00:00 IST 2035, paymentNum: 0, nextRecurringChargeDate: null, vpnMode: 0), AuxiliaryServiceSelection(selectionIdentifier: 58, name: discount, secondaryId: -1, chargingModeType: Monthly, recurrenceInterval: 2, charge: 0, enabled: false, checked: false, startDate: Sat Jun 13 01:57:33 IST 2015, endDate: Wed Jun 13 00:00:00 IST 2035, paymentNum: 0, nextRecurringChargeDate: null, vpnMode: 0), AuxiliaryServiceSelection(selectionIdentifier: 6, name: discountTest, secondaryId: -1, chargingModeType: Monthly, recurrenceInterval: 2, charge: 0, enabled: false, checked: false, startDate: Sat Jun 13 01:57:33 IST 2015, endDate: Wed Jun 13 00:00:00 IST 2035, paymentNum: 0, nextRecurringChargeDate: null, vpnMode: 0), AuxiliaryServiceSelection(selectionIdentifier: 77, name: PRBT supp_refund, secondaryId: -1, chargingModeType: Monthly, recurrenceInterval: 2, charge: 0, enabled: false, checked: false, startDate: Sat Jun 13 01:57:33 IST 2015, endDate: Wed Jun 13 00:00:00 IST 2035, paymentNum: 0, nextRecurringChargeDate: null, vpnMode: 0), AuxiliaryServiceSelection(selectionIdentifier: 78, name: PRBT supp_refund, secondaryId: -1, chargingModeType: Monthly, recurrenceInterval: 2, charge: 0, enabled: false, checked: false, startDate: Sat Jun 13 01:57:33 IST 2015, endDate: Wed Jun 13 00:00:00 IST 2035, paymentNum: 0, nextRecurringChargeDate: null, vpnMode: 0), AuxiliaryServiceSelection(selectionIdentifier: 16, name: Multi SIM, secondaryId: -1, chargingModeType: Monthly, recurrenceInterval: 2, charge: 0, enabled: false, checked: false, startDate: Sat Jun 13 01:57:33 IST 2015, endDate: Wed Jun 13 00:00:00 IST 2035, paymentNum: 0, nextRecurringChargeDate: null, vpnMode: 0), AuxiliaryServiceSelection(selectionIdentifier: 73, name: MultiSim_alp, secondaryId: -1, chargingModeType: Monthly, recurrenceInterval: 2, charge: 0, enabled: false, checked: false, startDate: Sat Jun 13 01:57:33 IST 2015, endDate: Wed Jun 13 00:00:00 IST 2035, paymentNum: 0, nextRecurringChargeDate: null, vpnMode: 0), AuxiliaryServiceSelection(selectionIdentifier: 83, name: multi-sim_tt, secondaryId: -1, chargingModeType: Monthly, recurrenceInterval: 2, charge: 1000000, enabled: false, checked: false, startDate: Sat Jun 13 01:57:33 IST 2015, endDate: Wed Jun 13 00:00:00 IST 2035, paymentNum: 0, nextRecurringChargeDate: null, vpnMode: 0), AuxiliaryServiceSelection(selectionIdentifier: 84, name: multisin_flag_enabled, secondaryId: -1, chargingModeType: Monthly, recurrenceInterval: 2, charge: 1000000, enabled: false, checked: false, startDate: Sat Jun 13 01:57:33 IST 2015, endDate: Wed Jun 13 00:00:00 IST 2035, paymentNum: 0, nextRecurringChargeDate: null, vpnMode: 0), AuxiliaryServiceSelection(selectionIdentifier: 18, name: prags_multisim, secondaryId: -1, chargingModeType: Monthly, recurrenceInterval: 2, charge: 1000, enabled: false, checked: false, startDate: Sat Jun 13 01:57:33 IST 2015, endDate: Wed Jun 13 00:00:00 IST 2035, paymentNum: 0, nextRecurringChargeDate: null, vpnMode: 0), AuxiliaryServiceSelection(selectionIdentifier: 76, name: prags_multisim, secondaryId: -1, chargingModeType: Monthly, recurrenceInterval: 2, charge: 1000, enabled: false, checked: false, startDate: Sat Jun 13 01:57:33 IST 2015, endDate: Wed Jun 13 00:00:00 IST 2035, paymentNum: 0, nextRecurringChargeDate: null, vpnMode: 0), AuxiliaryServiceSelection(selectionIdentifier: 71, name: test Multi SIM, secondaryId: -1, chargingModeType: Monthly, recurrenceInterval: 2, charge: 1200, enabled: false, checked: false, startDate: Sat Jun 13 01:57:33 IST 2015, endDate: Wed Jun 13 00:00:00 IST 2035, paymentNum: 0, nextRecurringChargeDate: null, vpnMode: 0), AuxiliaryServiceSelection(selectionIdentifier: 72, name: test Multi SIM, secondaryId: -1, chargingModeType: Monthly, recurrenceInterval: 2, charge: 1200, enabled: false, checked: false, startDate: Sat Jun 13 01:57:33 IST 2015, endDate: Wed Jun 13 00:00:00 IST 2035, paymentNum: 0, nextRecurringChargeDate: null, vpnMode: 0), AuxiliaryServiceSelection(selectionIdentifier: 44, name: data_opt-in, secondaryId: -1, chargingModeType: Monthly, recurrenceInterval: 2, charge: 0, enabled: false, checked: false, startDate: Sat Jun 13 01:57:33 IST 2015, endDate: Wed Jun 13 00:00:00 IST 2035, paymentNum: 0, nextRecurringChargeDate: null, vpnMode: 0), AuxiliaryServiceSelection(selectionIdentifier: 75, name: data_opt-in, secondaryId: -1, chargingModeType: Monthly, recurrenceInterval: 2, charge: 0, enabled: false, checked: false, startDate: Sat Jun 13 01:57:33 IST 2015, endDate: Wed Jun 13 00:00:00 IST 2035, paymentNum: 0, nextRecurringChargeDate: null, vpnMode: 0), AuxiliaryServiceSelection(selectionIdentifier: 57, name: promo_non refund, secondaryId: -1, chargingModeType: Monthly, recurrenceInterval: 2, charge: 0, enabled: false, checked: false, startDate: Sat Jun 13 01:57:33 IST 2015, endDate: Wed Jun 13 00:00:00 IST 2035, paymentNum: 0, nextRecurringChargeDate: null, vpnMode: 0), AuxiliaryServiceSelection(selectionIdentifier: 68, name: promo_non refund2, secondaryId: -1, chargingModeType: Monthly, recurrenceInterval: 2, charge: 0, enabled: false, checked: false, startDate: Sat Jun 13 01:57:33 IST 2015, endDate: Wed Jun 13 00:00:00 IST 2035, paymentNum: 0, nextRecurringChargeDate: null, vpnMode: 0), AuxiliaryServiceSelection(selectionIdentifier: 56, name: promo_refund, secondaryId: -1, chargingModeType: Monthly, recurrenceInterval: 2, charge: 0, enabled: false, checked: false, startDate: Sat Jun 13 01:57:33 IST 2015, endDate: Wed Jun 13 00:00:00 IST 2035, paymentNum: 0, nextRecurringChargeDate: null, vpnMode: 0), AuxiliaryServiceSelection(selectionIdentifier: 55, name: TFA white-black-non refund, secondaryId: -1, chargingModeType: Monthly, recurrenceInterval: 2, charge: 0, enabled: false, checked: false, startDate: Sat Jun 13 01:57:33 IST 2015, endDate: Wed Jun 13 00:00:00 IST 2035, paymentNum: 0, nextRecurringChargeDate: null, vpnMode: 0), AuxiliaryServiceSelection(selectionIdentifier: 54, name: TFA white-black-refund, secondaryId: -1, chargingModeType: Monthly, recurrenceInterval: 2, charge: 0, enabled: false, checked: false, startDate: Sat Jun 13 01:57:33 IST 2015, endDate: Wed Jun 13 00:00:00 IST 2035, paymentNum: 0, nextRecurringChargeDate: null, vpnMode: 0)]
2015-06-13 01:57:33,114 [rkadm:http-optimus-z2-9260-2072-SubMenuSubProfileEdit-rkadm] INFO com.redknee.framework.xhome.xdb.LoggingXDB - rkadm, forEach, SELECT * FROM AUXSVCEXTCALLINGGROUP WHERE auxiliaryServiceId =  41 
2015-06-13 01:57:33,116 [rkadm:http-optimus-z2-9260-2072-SubMenuSubProfileEdit-rkadm] INFO com.redknee.framework.xhome.xdb.LoggingXDB - rkadm, forEach, SELECT * FROM AUXSVCEXTCALLINGGROUP WHERE auxiliaryServiceId =  100 
2015-06-13 01:57:33,117 [rkadm:http-optimus-z2-9260-2072-SubMenuSubProfileEdit-rkadm] INFO com.redknee.framework.xhome.xdb.LoggingXDB - rkadm, forEach, SELECT * FROM AUXSVCEXTCALLINGGROUP WHERE auxiliaryServiceId =  101 
2015-06-13 01:57:33,119 [rkadm:http-optimus-z2-9260-2072-SubMenuSubProfileEdit-rkadm] INFO com.redknee.framework.xhome.xdb.LoggingXDB - rkadm, forEach, SELECT * FROM AUXSVCEXTCALLINGGROUP WHERE auxiliaryServiceId =  17 
2015-06-13 01:57:33,197 [rkadm:http-optimus-z2-9260-2072-SubMenuSubProfileEdit-rkadm] DEBUG com.redknee.app.crm.bundle.PointBundlesProxyWebControl - Filtering for loyalty point bundles
2015-06-13 01:57:33,299 [rkadm:http-optimus-z2-9260-2072-SubMenuSubProfileEdit-rkadm] INFO com.redknee.framework.xhome.xdb.LoggingXDB - rkadm, forEach, SELECT * FROM SUBSCRIBERSERVICES WHERE (subscriberId =  ""  and ((provisionedState =  2 )))
2015-06-13 01:57:33,303 [rkadm:http-optimus-z2-9260-2072-SubMenuSubProfileEdit-rkadm] INFO com.redknee.framework.xhome.xdb.LoggingXDB - rkadm, forEach, SELECT * FROM SERVICE WHERE (((Technology =  0  or Technology =  3 )) and spid =  1  and 1 = 2)
2015-06-13 01:57:33,372 [rkadm:http-optimus-z2-9260-2072-SubMenuSubProfileEdit-rkadm] INFO com.redknee.framework.xhome.xdb.LoggingXDB - rkadm, forEach, SELECT * FROM SUBSCRIBERSERVICES WHERE (subscriberId =  ""  and ((provisionedState =  2 )))
2015-06-13 01:57:33,374 [rkadm:http-optimus-z2-9260-2072-SubMenuSubProfileEdit-rkadm] INFO com.redknee.framework.xhome.xdb.LoggingXDB - rkadm, forEach, SELECT * FROM SERVICE WHERE (((Technology =  0  or Technology =  3 )) and spid =  1  and 1 = 2)
